2024-06-06 12:49:09,856 : INFO : test_valid_add_birth_record : Birth Record Added sucessfully
2024-06-06 14:22:45,231 : INFO : test_valid_add_birth_record : Birth Record Added sucessfully
2024-06-06 14:23:13,843 : INFO : test_Invalid_add_birth_record : Birth Record Added sucessfully
2024-06-06 14:23:58,612 : INFO : test_valid_add_birth_record : Birth Record Added sucessfully
2024-06-06 14:27:04,333 : INFO : test_valid_add_birth_record : Birth Record Added sucessfully
2024-06-06 14:29:04,865 : INFO : test_valid_add_birth_record : Birth Record Added sucessfully
2024-06-06 14:30:32,524 : INFO : test_valid_add_birth_record : Birth Record Added sucessfully
2024-06-06 14:31:09,727 : INFO : test_Invalid_add_birth_record : Birth Record Added sucessfully
2024-06-06 14:34:34,337 : INFO : test_valid_add_birth_record : Birth Record Added sucessfully
2024-06-06 14:36:03,019 : INFO : test_Invalid_add_birth_record : Birth Record Added sucessfully
2024-06-06 14:50:28,000 : INFO : setup_method : Birth Record Added successfully
2024-06-06 14:52:05,856 : INFO : setup_method : Birth Record Added successfully
2024-06-06 14:53:26,047 : INFO : setup_method : Birth Record Added successfully
2024-06-06 14:55:55,844 : INFO : setup_method : Birth Record Added successfully
2024-06-06 14:59:38,170 : INFO : setup_method : Birth Record Added successfully
2024-06-06 14:59:55,095 : INFO : setup_method : Invalid birth record Assert successfully
2024-06-06 14:59:55,095 : INFO : setup_method : Invalid birth record Assert successfully
2024-06-06 15:11:12,772 : INFO : setup_method : Birth Record Added successfully
2024-06-06 15:15:58,240 : INFO : setup_method : Birth Record Added successfully
2024-06-06 15:23:34,272 : INFO : setup_method : Birth Record Added successfully
2024-06-06 15:24:47,147 : INFO : setup_method : Birth Record Added successfully
2024-06-06 15:25:00,418 : INFO : setup_method : Invalid birth record Assert successfully
2024-06-06 15:25:00,418 : INFO : setup_method : Invalid birth record Assert successfully
2024-06-06 16:17:09,644 : INFO : setup_method : Birth Record Added successfully
2024-06-06 16:17:23,161 : INFO : setup_method : Invalid birth record Assert successfully
2024-06-06 16:17:23,161 : INFO : setup_method : Invalid birth record Assert successfully
2024-06-06 16:17:52,353 : INFO : setup_method : Birth Record Added successfully
2024-06-06 16:29:34,508 : INFO : setup_method : Birth Record Added successfully
2024-06-06 16:36:23,746 : INFO : test_valid_add_birth_record : Birth Record Added sucessfully
2024-06-06 16:39:22,343 : INFO : test_valid_add_birth_record : Birth Record Added sucessfully
2024-06-06 16:39:56,548 : INFO : test_Invalid_add_birth_record : Invalid birth record Assert sucessfully
2024-06-06 16:59:30,244 : INFO : test_valid_add_birth_record : Birth Record Added sucessfully
2024-06-06 17:00:21,731 : INFO : test_valid_add_birth_record : Birth Record Added sucessfully
2024-06-06 17:00:54,621 : INFO : test_Invalid_add_birth_record : Invalid birth record Assert sucessfully
2024-06-06 17:07:32,680 : INFO : test_blank_add_birth_data : Empty record Assert Sucessfully
2024-06-06 17:11:55,692 : INFO : test_blank_add_birth_data : Empty record Assert Sucessfully
2024-06-06 17:24:05,353 : INFO : test_blank_add_birth_data : Empty record Assert Sucessfully
2024-06-06 17:32:20,560 : INFO : test_Invalid_case_Id : Invalid case Id Asserted sucessfully
2024-06-06 19:34:28,380 : INFO : test_valid_add_death_record : death record Added sucessfully
2024-06-06 19:43:00,765 : INFO : test_valid_add_death_record : death record Added sucessfully
2024-06-06 19:43:25,873 : INFO : test_Invalid_add_death_record : Invalid death record Asserted sucessfully
2024-06-06 19:43:53,449 : INFO : test_Invalid_case_Id : Invalid case ID death record Asserted sucessfully
2024-06-06 19:47:45,351 : INFO : test_blank_add_birth_data : Empty record Assert Sucessfully
2024-06-06 20:41:34,555 : INFO : test_valid_birth_search_record : Searched Birth Record Sucessfully
2024-06-06 22:13:33,137 : INFO : test_Invalid_birth_search_record : Searched Invalid Birth Record asserted Sucessfully
2024-06-07 13:25:17,322 : INFO : test_valid_add_birth_record : Birth Record Added sucessfully
2024-06-07 13:25:46,396 : INFO : test_Invalid_add_birth_record : Invalid birth record Asserted sucessfully
2024-06-07 13:26:10,570 : INFO : test_Invalid_case_Id : Invalid case Id Asserted sucessfully
2024-06-07 13:26:34,842 : INFO : test_blank_add_birth_data : Empty record Assert Sucessfully
2024-06-07 18:55:22,783 : INFO : test_count_no_test_appointment : no of list counted sucessfully
2024-06-07 18:58:19,568 : INFO : test_count_no_test_appointment : no of list counted sucessfully
2024-06-07 19:16:26,774 : INFO : test_count_no_test_appointment : no of list counted sucessfully
2024-06-07 19:41:38,008 : INFO : test_count_no_test_appointment : no of list counted sucessfully
2024-06-07 19:42:39,264 : INFO : test_count_no_test_appointment : no of list counted sucessfully
2024-06-07 19:43:04,396 : INFO : test_valid_add_birth_record : Birth Record Added sucessfully
2024-06-07 19:43:28,193 : INFO : test_Invalid_add_birth_record : Invalid birth record Asserted sucessfully
2024-06-07 19:43:55,028 : INFO : test_Invalid_case_Id : Invalid case Id Asserted sucessfully
2024-06-07 19:44:16,335 : INFO : test_blank_add_birth_data : Empty record Assert Sucessfully
2024-06-07 19:51:21,356 : INFO : test_valid_search_user_appointment : Record Search sucessfully
2024-06-07 19:51:40,888 : INFO : test_Invalid_search_user_appointmen : Invalid Record Search sucessfully
2024-06-08 15:39:33,021 : INFO : test_valid_add_appointment : New appointment Added Successfully
2024-06-08 15:53:52,995 : INFO : test_Invalid_add_appointment : New appointment Added Successfully
2024-06-08 15:56:22,243 : INFO : test_Invalid_add_appointment : New appointment Added Successfully
2024-06-08 17:39:31,179 : INFO : test_Empty_add_appointment : empty assert sucessfully
2024-06-08 19:24:39,004 : INFO : test_valid_Payment : Payment sucessfully
2024-06-08 19:44:06,222 : INFO : test_valid_Payment : Payment sucessfully
2024-06-08 19:46:33,014 : INFO : test_Invalid_Payment : Invalid Payment sucessfully
2024-06-08 19:50:31,082 : INFO : test_Invalid_Payment : Invalid Payment sucessfully
2024-06-08 19:54:31,646 : INFO : test_valid_Payment : Payment sucessfully
2024-06-08 19:54:58,533 : INFO : test_Invalid_Payment : Invalid Payment sucessfully
2024-06-08 19:55:33,079 : INFO : test_valid_Payment : Payment sucessfully
2024-06-08 19:56:00,752 : INFO : test_Invalid_Payment : Invalid Payment sucessfully
2024-06-08 23:45:19,008 : INFO : test_valid_Payment : Payment sucessfully
2024-06-08 23:46:09,289 : INFO : test_Invalid_Payment : Invalid Payment sucessfully
2024-06-08 23:46:55,543 : INFO : test_empty_Payment : Empty Payment sucessfully
2024-06-09 20:23:13,661 : INFO : test_valid_Payment : Payment sucessfully
2024-06-09 20:23:36,226 : INFO : test_Invalid_Payment : Invalid Payment sucessfully
2024-06-09 20:23:58,928 : INFO : test_empty_Payment : Empty Payment sucessfully
2024-06-09 20:43:09,642 : INFO : test_valid_Delete_appointment : appointment Delted sucessfully
2024-06-08 12:58:46,381 : INFO : test_valid_billsearch : Successfull bill search
2024-06-08 12:59:14,563 : INFO : test_invalid_billsearch : Invalid bill search asserted successfully
2024-06-08 13:00:13,391 : INFO : test_valid_doctorlogin : Doctor logged in successfully
2024-06-08 13:00:43,259 : INFO : test_invalid_doctorlogin_by_clicking_invalid_option : Invalid doctor login asserted successfully
2024-06-08 13:01:03,842 : INFO : test_invalidlogin_with_blank_username : Invalid doctor login asserted successfully
2024-06-08 13:01:26,502 : INFO : test_invalidlogin_with_blank_password : Invalid doctor login asserted successfully
2024-06-08 13:01:50,500 : INFO : test_invalidlogin_with_invalid_credentials : Invalid doctor login asserted successfully
2024-06-08 13:02:14,689 : INFO : test_invalidlogin_with_blank_username_and_password : Invalid doctor login asserted successfully
2024-06-08 13:05:33,586 : INFO : test_valid_notification_delete : All notification deleted  successfully
2024-06-08 13:06:26,038 : INFO : test_valid_totalbillcount : Bill records counted successfully
2024-06-08 13:09:29,216 : INFO : test_valid_userlogin_by_default_credentials : User logged in successfully
2024-06-08 13:10:13,098 : INFO : test_valid_viewbilldetails : Bill details viewed successfully
2024-06-08 14:21:27,018 : INFO : test_valid_addnewpatient : New patient added successfully
2024-06-08 14:25:14,328 : INFO : test_invalid_addnewpatient : Invalid addtion of new patient asserted successfully
2024-06-08 14:30:15,750 : INFO : test_valid_addnewpatient : New patient added successfully
2024-06-08 14:45:22,263 : INFO : test_valid_addnewpatient : New patient added successfully
2024-06-08 14:48:40,183 : INFO : test_invalid_addnewpatient_without_patient_age : Invalid addtion of new patient asserted successfully
2024-06-08 14:59:08,799 : INFO : test_valid_doctorlogin : Doctor logged in successfully
2024-06-08 15:00:10,475 : INFO : test_invalid_doctorlogin_by_clicking_invalid_option : Invalid doctor login asserted successfully
2024-06-08 15:02:54,090 : INFO : test_valid_userlogin_by_default_credentials : User logged in successfully
2024-06-08 15:15:57,726 : INFO : test_valid_userlogin_by_default_credentials : User logged in successfully
2024-06-08 15:16:16,824 : INFO : test_invalidlogin_with_blank_username : Invalid user login asserted successfully
2024-06-08 15:16:35,049 : INFO : test_invalidlogin_with_blank_password : Invalid user login asserted successfully
2024-06-08 15:16:52,580 : INFO : test_invalidlogin_with_invalid_credentials : Invalid user login asserted successfully
2024-06-08 15:44:30,742 : INFO : test_valid_update_bedstatus : Bed status updated successfully
2024-06-08 15:57:08,091 : INFO : test_invalid_update_bedstatus : Invalid updation of bed status asserted successfully
2024-06-08 16:14:36,519 : INFO : test_valid_update_bedstatus : Bed status updated successfully
2024-06-08 16:15:07,009 : INFO : test_invalid_update_bedstatus_with_existing_patient : Invalid updation of bed status asserted successfully
2024-06-08 16:18:31,846 : INFO : test_invalid_update_bedstatus_with_existing_patient : Invalid updation of bed status asserted successfully
2024-06-08 17:00:36,368 : INFO : test_invalid_update_bedstatus_with_existing_patient : Invalid updation of bed status asserted successfully
2024-06-08 17:07:15,132 : INFO : test_invalid_update_bedstatus_with_existing_patient : Invalid updation of bed status asserted successfully
2024-06-08 17:14:32,991 : INFO : test_valid_update_bedstatus : Bed status updated successfully
2024-06-08 17:15:00,331 : INFO : test_invalid_update_bedstatus_with_existing_patient : Invalid updation of bed status asserted successfully
2024-06-08 17:21:28,659 : INFO : test_invalid_update_bedstatus_with_existing_patient : Invalid updation of bed status asserted successfully
<<<<<<< HEAD
2024-06-11 22:44:25,366 : INFO : test_empty_Add_appointment : Appointment Added sucessfully
2024-06-11 23:06:50,604 : INFO : test_valid_Add_appointment : Appointment Added sucessfully
2024-06-11 23:07:20,612 : INFO : test_Invalid_Add_appointment : Invalid Appointment executed sucessfully
2024-06-11 23:07:51,196 : INFO : test_empty_Add_appointment : Appointment Added sucessfully
=======
2024-06-10 17:13:07,648 : INFO : test_valid_login : Login with valid username and Password
2024-06-10 17:16:46,241 : INFO : test_valid_login : Successfully logged in as admin
2024-06-10 17:16:56,339 : INFO : test_invalid_login_with_invalid_data : Login with invalid data /nUsername: jasson@gmail.com and password: passsword
2024-06-10 17:17:01,300 : INFO : test_invalid_login_with_invalid_data : Verified incorrect admin login
2024-06-10 17:17:13,927 : INFO : test_login_with_blank_username_and_valid_password : Login with blank username /nUsername:  and password: password
2024-06-10 17:17:22,228 : INFO : test_login_with_blank_username_and_valid_password : Verified login with blank username and valid password
2024-06-10 17:17:34,511 : INFO : test_login_with_valid_username_and_blank_password : Login with blank password /nUsername: jason@gmail.com and password: 
2024-06-10 17:17:40,141 : INFO : test_login_with_valid_username_and_blank_password : Verified login with valid username and blank password
2024-06-10 17:17:52,460 : INFO : test_login_with_blank_username_and_blank_password : Login with blank data /nUsername:  and password: 
2024-06-10 17:17:58,843 : INFO : test_login_with_blank_username_and_blank_password : Verified login with blank username and blank password
2024-06-10 17:21:14,900 : INFO : test_valid_add_stock_item : To test add stock item
2024-06-10 17:21:27,411 : INFO : test_valid_add_stock_item : Stock item is added sucessfully
2024-06-10 17:21:40,129 : INFO : test_invalid_add_stock_item : To test unsuccessfull addition of stock item
2024-06-10 17:21:53,788 : INFO : test_invalid_add_stock_item : unsuccessfull addition of stock item is verified
2024-06-10 17:53:22,683 : INFO : test_valid_appointment_search : To test valid appointment search results using doctor info
2024-06-10 17:53:35,046 : INFO : test_valid_appointment_search : valid appointment search results using doctor info is verified successfully
2024-06-10 17:53:47,872 : INFO : test_invalid_appointment_search : To test invalid appointment search results using doctor info
2024-06-10 17:53:59,664 : INFO : test_invalid_appointment_search : Invalid appointment search results using doctor info is verified
2024-06-10 18:02:30,586 : INFO : test_valid_add_stock_item : To test add stock item
2024-06-10 18:02:49,695 : INFO : test_invalid_add_stock_item : To test unsuccessfull addition of stock item
2024-06-10 18:03:04,624 : INFO : test_invalid_add_stock_item : unsuccessfull addition of stock item is verified
2024-06-10 18:23:43,490 : INFO : test_valid_add_stock_item : To test add stock item
2024-06-10 18:23:56,978 : INFO : test_valid_add_stock_item : Stock item is added sucessfully
2024-06-10 18:24:09,674 : INFO : test_invalid_add_stock_item : To test unsuccessfull addition of stock item
2024-06-10 18:24:24,653 : INFO : test_invalid_add_stock_item : unsuccessfull addition of stock item is verified
2024-06-10 19:03:44,431 : INFO : test_valid_add_stock_item : To test add stock item
2024-06-10 19:04:00,523 : INFO : test_valid_add_stock_item : Stock item is added sucessfully
2024-06-10 19:04:16,662 : INFO : test_invalid_add_stock_item : To test unsuccessfull addition of stock item
2024-06-10 19:04:32,244 : INFO : test_invalid_add_stock_item : unsuccessfull addition of stock item is verified
2024-06-10 19:09:04,381 : INFO : test_valid_add_stock_item : To test add stock item
2024-06-10 19:09:30,126 : INFO : test_valid_add_stock_item : Stock item is added sucessfully
2024-06-10 19:09:45,059 : INFO : test_invalid_add_stock_item : To test unsuccessfull addition of stock item
2024-06-10 19:10:01,488 : INFO : test_invalid_add_stock_item : unsuccessfull addition of stock item is verified
2024-06-10 19:25:42,119 : INFO : test_valid_add_stock_item : To test add stock item
2024-06-10 19:25:57,681 : INFO : verify_successful_additionof_stock : Search result text: Bed Sheet
2024-06-10 19:25:57,681 : INFO : test_valid_add_stock_item : Stock item is added sucessfully
2024-06-10 19:26:11,739 : INFO : test_invalid_add_stock_item : To test unsuccessfull addition of stock item
2024-06-10 19:26:28,386 : INFO : test_invalid_add_stock_item : unsuccessfull addition of stock item is verified
2024-06-10 19:29:51,708 : INFO : test_valid_add_stock_item : To test add stock item
2024-06-10 19:30:09,585 : INFO : verify_successful_additionof_stock : Search result text: Bed Sheet
2024-06-10 19:30:09,587 : INFO : test_valid_add_stock_item : Stock item is added sucessfully
2024-06-10 19:30:24,008 : INFO : test_invalid_add_stock_item : To test unsuccessfull addition of stock item
2024-06-10 19:50:01,442 : INFO : test_valid_add_stock_item : To test add stock item
2024-06-10 19:50:54,273 : INFO : test_valid_add_stock_item : To test add stock item
2024-06-10 19:50:54,273 : INFO : test_valid_add_stock_item : To test add stock item
2024-06-10 19:51:14,009 : INFO : verify_successful_additionof_stock : Search result text: Bed Sheet
2024-06-10 19:51:14,009 : INFO : test_valid_add_stock_item : Stock item is added sucessfully
2024-06-10 19:51:14,009 : INFO : test_valid_add_stock_item : Stock item is added sucessfully
2024-06-10 19:51:27,162 : INFO : test_invalid_add_stock_item : To test unsuccessfull addition of stock item
2024-06-10 20:01:02,462 : INFO : test_invalid_add_stock_item : To test unsuccessfull addition of stock item
2024-06-10 20:01:20,646 : INFO : test_invalid_add_stock_item : unsuccessfull addition of stock item is verified
2024-06-10 20:02:51,666 : INFO : test_valid_add_stock_item : To test add stock item
2024-06-10 20:03:08,780 : INFO : verify_successful_additionof_stock : Search result text: Bed Sheet
2024-06-10 20:03:08,780 : INFO : test_valid_add_stock_item : Stock item is added successfully
2024-06-10 20:03:23,669 : INFO : test_invalid_add_stock_item : To test unsuccessfull addition of stock item
2024-06-10 20:03:42,955 : INFO : test_invalid_add_stock_item : unsuccessfull addition of stock item is verified
2024-06-10 20:04:33,330 : INFO : test_valid_add_stock_item : To test add stock item
2024-06-10 20:05:10,269 : ERROR : test_valid_add_stock_item : An error occurred: Message: 
Stacktrace:
	GetHandleVerifier [0x00007FF6C8D41F52+60322]
	(No symbol) [0x00007FF6C8CBCEC9]
	(No symbol) [0x00007FF6C8B77EBA]
	(No symbol) [0x00007FF6C8BC7676]
	(No symbol) [0x00007FF6C8BC773C]
	(No symbol) [0x00007FF6C8C0E967]
	(No symbol) [0x00007FF6C8BEC25F]
	(No symbol) [0x00007FF6C8C0BC80]
	(No symbol) [0x00007FF6C8BEBFC3]
	(No symbol) [0x00007FF6C8BB9617]
	(No symbol) [0x00007FF6C8BBA211]
	GetHandleVerifier [0x00007FF6C90594AD+3301629]
	GetHandleVerifier [0x00007FF6C90A36D3+3605283]
	GetHandleVerifier [0x00007FF6C9099450+3563680]
	GetHandleVerifier [0x00007FF6C8DF4326+790390]
	(No symbol) [0x00007FF6C8CC750F]
	(No symbol) [0x00007FF6C8CC3404]
	(No symbol) [0x00007FF6C8CC3592]
	(No symbol) [0x00007FF6C8CB2F9F]
	BaseThreadInitThunk [0x00007FFEC5D47344+20]
	RtlUserThreadStart [0x00007FFEC67226B1+33]

2024-06-10 20:05:22,646 : INFO : test_valid_add_stock_item : To test add stock item
2024-06-10 20:05:22,646 : INFO : test_valid_add_stock_item : To test add stock item
2024-06-10 20:06:00,089 : ERROR : test_valid_add_stock_item : An error occurred: Message: 
Stacktrace:
	GetHandleVerifier [0x00007FF6C8D41F52+60322]
	(No symbol) [0x00007FF6C8CBCEC9]
	(No symbol) [0x00007FF6C8B77EBA]
	(No symbol) [0x00007FF6C8BC7676]
	(No symbol) [0x00007FF6C8BC773C]
	(No symbol) [0x00007FF6C8C0E967]
	(No symbol) [0x00007FF6C8BEC25F]
	(No symbol) [0x00007FF6C8C0BC80]
	(No symbol) [0x00007FF6C8BEBFC3]
	(No symbol) [0x00007FF6C8BB9617]
	(No symbol) [0x00007FF6C8BBA211]
	GetHandleVerifier [0x00007FF6C90594AD+3301629]
	GetHandleVerifier [0x00007FF6C90A36D3+3605283]
	GetHandleVerifier [0x00007FF6C9099450+3563680]
	GetHandleVerifier [0x00007FF6C8DF4326+790390]
	(No symbol) [0x00007FF6C8CC750F]
	(No symbol) [0x00007FF6C8CC3404]
	(No symbol) [0x00007FF6C8CC3592]
	(No symbol) [0x00007FF6C8CB2F9F]
	BaseThreadInitThunk [0x00007FFEC5D47344+20]
	RtlUserThreadStart [0x00007FFEC67226B1+33]

2024-06-10 20:06:00,089 : ERROR : test_valid_add_stock_item : An error occurred: Message: 
Stacktrace:
	GetHandleVerifier [0x00007FF6C8D41F52+60322]
	(No symbol) [0x00007FF6C8CBCEC9]
	(No symbol) [0x00007FF6C8B77EBA]
	(No symbol) [0x00007FF6C8BC7676]
	(No symbol) [0x00007FF6C8BC773C]
	(No symbol) [0x00007FF6C8C0E967]
	(No symbol) [0x00007FF6C8BEC25F]
	(No symbol) [0x00007FF6C8C0BC80]
	(No symbol) [0x00007FF6C8BEBFC3]
	(No symbol) [0x00007FF6C8BB9617]
	(No symbol) [0x00007FF6C8BBA211]
	GetHandleVerifier [0x00007FF6C90594AD+3301629]
	GetHandleVerifier [0x00007FF6C90A36D3+3605283]
	GetHandleVerifier [0x00007FF6C9099450+3563680]
	GetHandleVerifier [0x00007FF6C8DF4326+790390]
	(No symbol) [0x00007FF6C8CC750F]
	(No symbol) [0x00007FF6C8CC3404]
	(No symbol) [0x00007FF6C8CC3592]
	(No symbol) [0x00007FF6C8CB2F9F]
	BaseThreadInitThunk [0x00007FFEC5D47344+20]
	RtlUserThreadStart [0x00007FFEC67226B1+33]

2024-06-10 20:06:13,354 : INFO : test_valid_add_stock_item : To test add stock item
2024-06-10 20:06:13,354 : INFO : test_valid_add_stock_item : To test add stock item
2024-06-10 20:06:13,354 : INFO : test_valid_add_stock_item : To test add stock item
2024-06-10 20:06:55,053 : ERROR : test_valid_add_stock_item : An error occurred: Message: 
Stacktrace:
	GetHandleVerifier [0x00007FF6C8D41F52+60322]
	(No symbol) [0x00007FF6C8CBCEC9]
	(No symbol) [0x00007FF6C8B77EBA]
	(No symbol) [0x00007FF6C8BC7676]
	(No symbol) [0x00007FF6C8BC773C]
	(No symbol) [0x00007FF6C8C0E967]
	(No symbol) [0x00007FF6C8BEC25F]
	(No symbol) [0x00007FF6C8C0BC80]
	(No symbol) [0x00007FF6C8BEBFC3]
	(No symbol) [0x00007FF6C8BB9617]
	(No symbol) [0x00007FF6C8BBA211]
	GetHandleVerifier [0x00007FF6C90594AD+3301629]
	GetHandleVerifier [0x00007FF6C90A36D3+3605283]
	GetHandleVerifier [0x00007FF6C9099450+3563680]
	GetHandleVerifier [0x00007FF6C8DF4326+790390]
	(No symbol) [0x00007FF6C8CC750F]
	(No symbol) [0x00007FF6C8CC3404]
	(No symbol) [0x00007FF6C8CC3592]
	(No symbol) [0x00007FF6C8CB2F9F]
	BaseThreadInitThunk [0x00007FFEC5D47344+20]
	RtlUserThreadStart [0x00007FFEC67226B1+33]

2024-06-10 20:06:55,053 : ERROR : test_valid_add_stock_item : An error occurred: Message: 
Stacktrace:
	GetHandleVerifier [0x00007FF6C8D41F52+60322]
	(No symbol) [0x00007FF6C8CBCEC9]
	(No symbol) [0x00007FF6C8B77EBA]
	(No symbol) [0x00007FF6C8BC7676]
	(No symbol) [0x00007FF6C8BC773C]
	(No symbol) [0x00007FF6C8C0E967]
	(No symbol) [0x00007FF6C8BEC25F]
	(No symbol) [0x00007FF6C8C0BC80]
	(No symbol) [0x00007FF6C8BEBFC3]
	(No symbol) [0x00007FF6C8BB9617]
	(No symbol) [0x00007FF6C8BBA211]
	GetHandleVerifier [0x00007FF6C90594AD+3301629]
	GetHandleVerifier [0x00007FF6C90A36D3+3605283]
	GetHandleVerifier [0x00007FF6C9099450+3563680]
	GetHandleVerifier [0x00007FF6C8DF4326+790390]
	(No symbol) [0x00007FF6C8CC750F]
	(No symbol) [0x00007FF6C8CC3404]
	(No symbol) [0x00007FF6C8CC3592]
	(No symbol) [0x00007FF6C8CB2F9F]
	BaseThreadInitThunk [0x00007FFEC5D47344+20]
	RtlUserThreadStart [0x00007FFEC67226B1+33]

2024-06-10 20:06:55,053 : ERROR : test_valid_add_stock_item : An error occurred: Message: 
Stacktrace:
	GetHandleVerifier [0x00007FF6C8D41F52+60322]
	(No symbol) [0x00007FF6C8CBCEC9]
	(No symbol) [0x00007FF6C8B77EBA]
	(No symbol) [0x00007FF6C8BC7676]
	(No symbol) [0x00007FF6C8BC773C]
	(No symbol) [0x00007FF6C8C0E967]
	(No symbol) [0x00007FF6C8BEC25F]
	(No symbol) [0x00007FF6C8C0BC80]
	(No symbol) [0x00007FF6C8BEBFC3]
	(No symbol) [0x00007FF6C8BB9617]
	(No symbol) [0x00007FF6C8BBA211]
	GetHandleVerifier [0x00007FF6C90594AD+3301629]
	GetHandleVerifier [0x00007FF6C90A36D3+3605283]
	GetHandleVerifier [0x00007FF6C9099450+3563680]
	GetHandleVerifier [0x00007FF6C8DF4326+790390]
	(No symbol) [0x00007FF6C8CC750F]
	(No symbol) [0x00007FF6C8CC3404]
	(No symbol) [0x00007FF6C8CC3592]
	(No symbol) [0x00007FF6C8CB2F9F]
	BaseThreadInitThunk [0x00007FFEC5D47344+20]
	RtlUserThreadStart [0x00007FFEC67226B1+33]
2024-06-10 20:42:11,968 : INFO : test_valid_add_stock_item : To test add stock item
2024-06-10 20:42:27,250 : INFO : verify_successful_additionof_stock : Search result text: Bed Sheet
2024-06-10 20:42:27,251 : INFO : test_valid_add_stock_item : Stock item is added sucessfully
2024-06-10 20:42:41,433 : INFO : test_invalid_add_stock_item : To test unsuccessfull addition of stock item
2024-06-10 20:42:56,111 : INFO : test_invalid_add_stock_item : unsuccessfull addition of stock item is verified
2024-06-10 21:24:17,923 : INFO : test_valid_appointment_search : To test valid Queue search results
2024-06-10 21:24:51,588 : INFO : test_invalid_queue_search : To test invalid Queue search results
2024-06-10 21:25:25,483 : INFO : test_invalid_queue_search : valid Queue search results is verified successfully
2024-06-10 21:27:20,537 : INFO : test_valid_appointment_search : To test valid Queue search results
2024-06-10 21:28:03,406 : INFO : test_invalid_queue_search : To test invalid Queue search results
2024-06-10 21:28:18,273 : INFO : test_invalid_queue_search : valid Queue search results is verified successfully
2024-06-10 21:29:32,964 : INFO : test_valid_appointment_search : To test valid Queue search results
2024-06-10 21:30:11,946 : INFO : test_invalid_queue_search : To test invalid Queue search results
2024-06-10 21:31:50,457 : INFO : test_valid_appointment_search : To test valid Queue search results
2024-06-10 21:32:44,828 : INFO : test_invalid_queue_search : To test invalid Queue search results
2024-06-10 21:33:37,045 : INFO : test_valid_appointment_search : To test valid Queue search results
2024-06-10 21:34:23,178 : INFO : test_invalid_queue_search : To test invalid Queue search results
2024-06-10 21:36:00,211 : INFO : test_valid_appointment_search : To test valid Queue search results
2024-06-10 21:39:05,470 : INFO : test_valid_add_stock_item : To test add stock item
2024-06-10 21:39:22,685 : INFO : verify_successful_additionof_stock : Search result text: Uniform (Patient-Staff)
2024-06-10 21:39:34,943 : INFO : test_invalid_add_stock_item : To test unsuccessfull addition of stock item
2024-06-10 21:39:49,105 : INFO : test_invalid_add_stock_item : unsuccessfull addition of stock item is verified
2024-06-10 21:50:03,431 : INFO : test_valid_add_stock_item : To test add stock item
2024-06-10 21:50:33,231 : INFO : verify_successful_additionof_stock : Search result text: Bed Sheet
2024-06-10 21:50:33,231 : INFO : test_valid_add_stock_item : Stock item is added sucessfully
2024-06-10 21:50:45,079 : INFO : test_invalid_add_stock_item : To test unsuccessfull addition of stock item
2024-06-10 21:50:59,493 : INFO : test_valid_appointment_search : To test valid Queue search results
2024-06-10 21:51:59,316 : INFO : test_invalid_queue_search : To test invalid Queue search results
2024-06-11 01:33:30,343 : INFO : test_valid_queue_search : To test valid Queue search results
2024-06-11 01:33:56,358 : INFO : test_valid_queue_search : valid queue search results is verified successfully
2024-06-11 01:36:22,022 : INFO : test_valid_queue_search : To test valid Queue search results
2024-06-11 08:53:06,129 : INFO : test_valid_add_stock_item : To test add stock item
2024-06-11 08:53:32,721 : INFO : verify_successful_additionof_stock : Search result text: Bed Sheet
2024-06-11 08:53:32,721 : INFO : test_valid_add_stock_item : Stock item is added sucessfully
2024-06-11 08:53:45,407 : INFO : test_invalid_add_stock_item : To test unsuccessfull addition of stock item
2024-06-11 09:10:26,026 : INFO : test_valid_queue_search : To test valid Queue search results
2024-06-11 09:10:50,119 : INFO : test_valid_queue_search : valid queue search results is verified successfully
2024-06-11 09:11:03,007 : INFO : test_invalid_queue_search : To test invalid Queue search results
2024-06-11 09:11:15,558 : INFO : test_invalid_queue_search : valid Queue search results is verified successfully
2024-06-11 09:11:27,544 : INFO : test_valid_queue_search : To test valid Queue search results
2024-06-11 09:11:50,659 : INFO : test_valid_queue_search : valid queue search results is verified successfully
2024-06-11 09:12:04,590 : INFO : test_invalid_queue_search : To test invalid Queue search results
2024-06-11 10:29:21,785 : INFO : test_valid_queue_search : To test valid Queue search results
2024-06-11 10:29:46,540 : INFO : test_valid_queue_search : valid queue search results is verified successfully
2024-06-11 10:30:00,248 : INFO : test_invalid_queue_search : To test invalid Queue search results
2024-06-11 10:31:04,636 : INFO : test_valid_queue_search : To test valid Queue search results
2024-06-11 10:31:26,195 : INFO : test_valid_queue_search : valid queue search results is verified successfully
2024-06-11 10:31:37,929 : INFO : test_invalid_queue_search : To test invalid Queue search results
2024-06-11 10:31:58,270 : INFO : test_valid_queue_search : To test valid Queue search results
2024-06-11 10:32:25,382 : INFO : test_valid_queue_search : valid queue search results is verified successfully
2024-06-11 10:32:38,624 : INFO : test_invalid_queue_search : To test invalid Queue search results
2024-06-11 10:32:51,529 : INFO : test_invalid_queue_search : valid Queue search results is verified successfully
2024-06-11 10:36:09,159 : INFO : test_valid_queue_search : To test valid Queue search results
2024-06-11 10:36:37,077 : INFO : test_valid_queue_search : valid queue search results is verified successfully
2024-06-11 10:36:49,180 : INFO : test_invalid_queue_search : To test invalid Queue search results
2024-06-11 10:37:13,691 : INFO : test_valid_queue_search : To test valid Queue search results
2024-06-11 10:37:41,480 : INFO : test_valid_queue_search : valid queue search results is verified successfully
2024-06-11 10:37:52,043 : INFO : test_invalid_queue_search : To test invalid Queue search results
2024-06-11 10:39:45,904 : INFO : test_valid_queue_search : To test valid Queue search results
2024-06-11 10:40:13,648 : INFO : test_valid_queue_search : valid queue search results is verified successfully
2024-06-11 10:40:24,210 : INFO : test_invalid_queue_search : To test invalid Queue search results
2024-06-11 10:44:21,397 : INFO : test_valid_queue_search : To test valid Queue search results
2024-06-11 10:45:00,246 : INFO : test_valid_queue_search : valid queue search results is verified successfully
2024-06-11 10:45:15,862 : INFO : test_invalid_queue_search : To test invalid Queue search results
2024-06-11 10:45:39,716 : INFO : test_invalid_queue_search : Invalid Queue search results is verified successfully
2024-06-11 10:47:51,193 : INFO : test_valid_queue_search : To test valid Queue search results
2024-06-11 10:49:00,270 : INFO : test_valid_queue_search : To test valid Queue search results
2024-06-11 10:49:34,840 : INFO : test_valid_queue_search : valid queue search results is verified successfully
2024-06-11 10:49:45,954 : INFO : test_invalid_queue_search : To test invalid Queue search results
2024-06-11 10:51:04,698 : INFO : test_valid_queue_search : To test valid Queue search results
2024-06-11 10:51:15,195 : INFO : test_invalid_queue_search : To test invalid Queue search results
2024-06-11 10:51:44,187 : INFO : test_valid_add_stock_item : To test add stock item
2024-06-11 10:52:24,658 : INFO : test_invalid_add_stock_item : To test unsuccessfull addition of stock item
2024-06-11 10:52:45,314 : INFO : test_valid_queue_search : To test valid Queue search results
2024-06-11 10:53:09,709 : INFO : test_invalid_queue_search : To test invalid Queue search results
2024-06-11 10:54:36,538 : INFO : test_valid_queue_search : To test valid Queue search results
2024-06-11 10:55:05,632 : INFO : test_invalid_queue_search : To test invalid Queue search results
2024-06-11 10:57:12,113 : INFO : test_valid_queue_search : To test valid Queue search results
2024-06-11 10:57:42,458 : INFO : test_invalid_queue_search : To test invalid Queue search results
2024-06-11 10:58:08,460 : INFO : test_invalid_queue_search : Invalid Queue search results is verified successfully
2024-06-11 11:04:46,248 : INFO : test_valid_queue_search : To test valid Queue search results
2024-06-11 11:05:21,429 : INFO : test_valid_queue_search : valid queue search results is verified successfully
2024-06-11 11:05:32,788 : INFO : test_invalid_queue_search : To test invalid Queue search results
2024-06-11 11:06:46,351 : INFO : test_valid_queue_search : To test valid Queue search results
2024-06-11 11:07:10,169 : INFO : test_invalid_queue_search : To test invalid Queue search results
2024-06-11 11:09:08,446 : INFO : test_valid_queue_search : To test valid Queue search results
2024-06-11 11:09:36,874 : INFO : test_valid_queue_search : valid queue search results is verified successfully
2024-06-11 11:09:47,534 : INFO : test_invalid_queue_search : To test invalid Queue search results
2024-06-11 11:14:21,947 : INFO : test_valid_queue_search : To test valid Queue search results
2024-06-11 11:14:45,548 : INFO : test_invalid_queue_search : To test invalid Queue search results
2024-06-11 11:16:21,685 : INFO : test_valid_queue_search : To test valid Queue search results
2024-06-11 11:16:48,933 : INFO : test_invalid_queue_search : To test invalid Queue search results
2024-06-11 11:20:44,868 : INFO : test_valid_queue_search : To test valid Queue search results
2024-06-11 11:21:08,034 : INFO : test_invalid_queue_search : To test invalid Queue search results
2024-06-11 12:00:55,763 : INFO : test_valid_queue_search : To test valid Queue search results
2024-06-11 12:01:34,050 : INFO : test_invalid_queue_search : To test invalid Queue search results
2024-06-11 12:02:29,782 : INFO : test_valid_queue_search : To test valid Queue search results
2024-06-11 12:03:19,427 : INFO : test_invalid_queue_search : To test invalid Queue search results
2024-06-11 12:03:50,793 : INFO : test_valid_queue_search : To test valid Queue search results
2024-06-11 12:04:19,838 : INFO : test_valid_queue_search : valid queue search results is verified successfully
2024-06-11 12:05:16,519 : INFO : test_invalid_queue_search : To test invalid Queue search results
2024-06-11 12:05:27,267 : INFO : test_valid_queue_search : To test valid Queue search results
2024-06-11 12:06:56,886 : INFO : test_valid_queue_search : valid queue search results is verified successfully
2024-06-11 12:07:11,028 : INFO : test_invalid_queue_search : To test invalid Queue search results
2024-06-11 12:07:35,189 : INFO : test_valid_queue_search : To test valid Queue search results
2024-06-11 12:08:27,699 : INFO : test_invalid_queue_search : To test invalid Queue search results
2024-06-11 12:08:53,618 : INFO : test_invalid_queue_search : Invalid Queue search results is verified successfully
2024-06-11 12:11:02,190 : INFO : test_valid_queue_search : To test valid Queue search results
2024-06-11 12:12:09,621 : INFO : test_invalid_queue_search : To test invalid Queue search results
2024-06-11 12:12:51,983 : INFO : test_valid_queue_search : To test valid Queue search results
2024-06-11 12:13:29,004 : INFO : test_valid_queue_search : valid queue search results is verified successfully
2024-06-11 12:13:46,402 : INFO : test_invalid_queue_search : To test invalid Queue search results
2024-06-11 12:14:08,390 : INFO : test_invalid_queue_search : Invalid Queue search results is verified successfully
2024-06-11 12:16:43,071 : INFO : test_valid_queue_search : To test valid Queue search results
2024-06-11 12:17:02,456 : INFO : test_valid_queue_search : valid queue search results is verified successfully
2024-06-11 12:17:14,387 : INFO : test_invalid_queue_search : To test invalid Queue search results
2024-06-11 12:20:44,100 : INFO : test_valid_queue_search : To test valid Queue search results
2024-06-11 12:21:04,097 : INFO : test_valid_queue_search : valid queue search results is verified successfully
2024-06-11 12:21:17,349 : INFO : test_invalid_queue_search : To test invalid Queue search results
2024-06-11 12:23:03,442 : INFO : test_valid_queue_search : To test valid Queue search results
2024-06-11 12:23:21,234 : INFO : test_valid_queue_search : valid queue search results is verified successfully
2024-06-11 12:23:33,052 : INFO : test_invalid_queue_search : To test invalid Queue search results
2024-06-11 12:24:28,855 : INFO : test_invalid_queue_search : Invalid Queue search results is verified successfully
2024-06-11 12:29:14,368 : INFO : test_valid_queue_search : To test valid Queue search results
2024-06-11 12:29:33,507 : INFO : test_valid_queue_search : valid queue search results is verified successfully
2024-06-11 12:29:58,873 : INFO : test_invalid_queue_search : To test invalid Queue search results
2024-06-11 12:30:25,971 : INFO : test_invalid_queue_search : Invalid Queue search results is verified successfully
2024-06-11 12:31:23,816 : INFO : test_valid_queue_search : To test valid Queue search results
2024-06-11 12:31:42,590 : INFO : test_valid_queue_search : valid queue search results is verified successfully
2024-06-11 12:31:59,916 : INFO : test_invalid_queue_search : To test invalid Queue search results
2024-06-11 12:32:26,525 : INFO : test_invalid_queue_search : Invalid Queue search results is verified successfully
2024-06-11 12:55:25,486 : INFO : test_valid_add_stock_item : To test add stock item
2024-06-11 12:55:58,560 : INFO : verify_successful_additionof_stock : Search result text: Bed Sheet
2024-06-11 12:55:58,560 : INFO : test_valid_add_stock_item : Stock item is added sucessfully
2024-06-11 12:56:15,417 : INFO : test_invalid_add_stock_item : To test unsuccessfull addition of stock item
2024-06-11 12:56:45,560 : INFO : test_invalid_add_stock_item : unsuccessfull addition of stock item is verified
2024-06-11 15:50:49,325 : INFO : test_valid_add_stock_item : To test add stock item
2024-06-11 15:51:19,692 : INFO : verify_successful_additionof_stock : Search result text: Bed Sheet
2024-06-11 15:51:19,692 : INFO : test_valid_add_stock_item : Stock item is added sucessfully
2024-06-11 15:51:33,326 : INFO : test_invalid_add_stock_item : To test unsuccessfull addition of stock item
2024-06-11 15:51:54,660 : INFO : test_invalid_add_stock_item : unsuccessfull addition of stock item is verified
2024-06-11 16:21:19,896 : INFO : test_valid_appointment_search : To test valid appointment search results using doctor info
2024-06-11 16:22:09,200 : INFO : test_invalid_appointment_search : To test invalid appointment search results using doctor info
2024-06-11 16:22:27,584 : INFO : test_invalid_appointment_search : Invalid appointment search results using doctor info is verified
2024-06-11 16:50:52,993 : INFO : test_valid_appointment_search : To test valid appointment search results using doctor info
2024-06-11 16:51:44,655 : INFO : test_invalid_appointment_search : To test invalid appointment search results using doctor info
2024-06-11 16:52:09,828 : INFO : test_invalid_appointment_search : Invalid appointment search results using doctor info is verified
2024-06-11 16:57:27,076 : INFO : test_valid_appointment_search : To test valid appointment search results using doctor info
2024-06-11 16:58:11,009 : INFO : test_invalid_appointment_search : To test invalid appointment search results using doctor info
2024-06-11 17:06:57,101 : INFO : test_valid_appointment_search : To test valid appointment search results using doctor info
2024-06-11 17:07:37,333 : INFO : test_invalid_appointment_search : To test invalid appointment search results using doctor info
2024-06-11 17:09:20,006 : INFO : test_valid_appointment_search : To test valid appointment search results using doctor info
2024-06-11 17:10:07,848 : INFO : test_invalid_appointment_search : To test invalid appointment search results using doctor info
2024-06-11 17:10:22,349 : INFO : test_invalid_appointment_search : Invalid appointment search results using doctor info is verified
2024-06-11 17:47:46,431 : INFO : test_valid_appointment_search : To test valid appointment search results using doctor info
2024-06-11 17:48:29,397 : INFO : test_invalid_appointment_search : To test invalid appointment search results using doctor info
2024-06-11 17:52:00,493 : INFO : test_valid_appointment_search : To test valid appointment search results using doctor info
2024-06-11 17:52:46,096 : INFO : test_invalid_appointment_search : To test invalid appointment search results using doctor info
2024-06-11 17:52:57,711 : INFO : test_invalid_appointment_search : Invalid appointment search results using doctor info is verified
2024-06-11 17:57:33,556 : INFO : test_valid_appointment_search : To test valid appointment search results using doctor info
2024-06-11 17:58:18,807 : INFO : test_invalid_appointment_search : To test invalid appointment search results using doctor info
2024-06-11 17:58:30,895 : INFO : test_invalid_appointment_search : Invalid appointment search results using doctor info is verified
2024-06-11 18:00:58,254 : INFO : test_valid_appointment_search : To test valid appointment search results using doctor info
2024-06-11 18:01:46,594 : INFO : test_invalid_appointment_search : To test invalid appointment search results using doctor info
2024-06-11 18:02:00,067 : INFO : test_invalid_appointment_search : Invalid appointment search results using doctor info is verified
2024-06-11 18:02:19,285 : INFO : test_valid_appointment_search : To test valid appointment search results using doctor info
2024-06-11 18:02:33,448 : INFO : test_valid_appointment_search : valid appointment search results using doctor info is verified successfully
2024-06-11 18:02:47,210 : INFO : test_invalid_appointment_search : To test invalid appointment search results using doctor info
2024-06-11 18:03:05,961 : INFO : test_invalid_appointment_search : Invalid appointment search results using doctor info is verified
2024-06-11 18:06:40,821 : INFO : test_valid_add_stock_item : To test add stock item
2024-06-11 18:07:08,795 : INFO : verify_successful_additionof_stock : Search result text: Bed Sheet
2024-06-11 19:20:29,960 : INFO : test_valid_appointment_search : To test valid appointment search results using doctor info
2024-06-11 19:20:48,326 : INFO : test_valid_appointment_search : valid appointment search results using doctor info is verified successfully
2024-06-11 19:21:01,061 : INFO : test_invalid_appointment_search : To test invalid appointment search results using doctor info
2024-06-11 19:21:14,993 : INFO : test_invalid_appointment_search : Invalid appointment search results using doctor info is verified
2024-06-11 19:32:02,056 : INFO : test_valid_queue_search : To test valid Queue search results
2024-06-11 19:32:16,300 : INFO : test_valid_queue_search : valid queue search results is verified successfully
2024-06-11 19:32:28,086 : INFO : test_invalid_queue_search : To test invalid Queue search results
2024-06-11 19:33:32,742 : INFO : test_valid_queue_search : To test valid Queue search results
2024-06-11 19:33:48,611 : INFO : test_valid_queue_search : valid queue search results is verified successfully
2024-06-11 19:34:02,206 : INFO : test_invalid_queue_search : To test invalid Queue search results
2024-06-11 19:34:20,624 : INFO : test_invalid_queue_search : Invalid Queue search results is verified successfully
2024-06-11 19:37:14,954 : INFO : test_valid_queue_search : To test valid Queue search results
2024-06-11 19:37:30,503 : INFO : test_valid_queue_search : valid queue search results is verified successfully
2024-06-11 19:37:44,971 : INFO : test_invalid_queue_search : To test invalid Queue search results
2024-06-11 20:40:54,033 : INFO : test_valid_login : Login with valid username and Password
2024-06-11 20:41:08,749 : INFO : test_valid_login : Successfully logged in as admin
2024-06-11 20:41:21,850 : INFO : test_invalid_login_with_invalid_data : Login with invalid data /nUsername: jasson@gmail.com and password: passsword
2024-06-11 20:41:28,434 : INFO : test_invalid_login_with_invalid_data : Verified incorrect admin login
2024-06-11 20:41:43,175 : INFO : test_login_with_blank_username_and_valid_password : Login with blank username /nUsername:  and password: password
2024-06-11 20:41:49,820 : INFO : test_login_with_blank_username_and_valid_password : Verified login with blank username and valid password
2024-06-11 20:42:03,809 : INFO : test_login_with_valid_username_and_blank_password : Login with blank password /nUsername: jason@gmail.com and password: 
2024-06-11 20:42:11,372 : INFO : test_login_with_valid_username_and_blank_password : Verified login with valid username and blank password
2024-06-11 20:42:25,692 : INFO : test_login_with_blank_username_and_blank_password : Login with blank data /nUsername:  and password: 
2024-06-11 20:42:32,944 : INFO : test_login_with_blank_username_and_blank_password : Verified login with blank username and blank password
2024-06-11 21:05:59,183 : INFO : test_valid_patient_search : To test search results by patient name
2024-06-11 21:06:14,188 : INFO : test_valid_patient_search : search results by patient name is verified successfully
2024-06-11 21:06:26,873 : INFO : test_invalid_patient_search : To test search results by invalid patient name
2024-06-11 21:06:43,952 : INFO : test_invalid_patient_search : search results by invalid patient name is verified successfully
2024-06-11 21:07:38,766 : INFO : test_valid_queue_search : To test valid Queue search results
2024-06-11 21:07:55,703 : INFO : test_valid_queue_search : valid queue search results is verified successfully
2024-06-11 21:08:11,208 : INFO : test_invalid_queue_search : To test invalid Queue search results
2024-06-11 21:08:58,236 : INFO : test_invalid_queue_search : Invalid Queue search results is verified successfully
2024-06-11 21:09:40,334 : INFO : test_valid_appointment_search : To test valid appointment search results using doctor info
2024-06-11 21:09:55,519 : INFO : test_valid_appointment_search : valid appointment search results using doctor info is verified successfully
2024-06-11 21:10:10,378 : INFO : test_invalid_appointment_search : To test invalid appointment search results using doctor info
2024-06-11 21:10:28,296 : INFO : test_invalid_appointment_search : Invalid appointment search results using doctor info is verified
2024-06-11 21:14:26,844 : INFO : test_valid_queue_search : To test valid Queue search results
2024-06-11 21:14:42,085 : INFO : test_valid_queue_search : valid queue search results is verified successfully
2024-06-11 21:14:54,916 : INFO : test_invalid_queue_search : To test invalid Queue search results
2024-06-11 21:15:09,656 : INFO : test_invalid_queue_search : Invalid Queue search results is verified successfully
2024-06-11 21:15:37,291 : INFO : test_valid_add_stock_item : To test add stock item
2024-06-11 21:15:53,671 : INFO : <module> : Search result text: Bed Sheet
2024-06-11 21:15:53,671 : INFO : test_valid_add_stock_item : Stock item is added sucessfully
2024-06-11 21:16:09,372 : INFO : test_invalid_add_stock_item : To test unsuccessfull addition of stock item
2024-06-11 21:16:25,443 : INFO : test_invalid_add_stock_item : unsuccessfull addition of stock item is verified

2024-06-11 22:45:07,320 : INFO : test_valid_add_stock_item : To test add stock item
2024-06-11 22:45:24,933 : ERROR : <module> : Error in fill_add_stock_item_form: can only concatenate str (not "int") to str
2024-06-11 22:45:24,989 : INFO : <module> : Search result text: Uniform (Patient-Staff)
2024-06-11 22:45:36,419 : INFO : test_invalid_add_stock_item : To test unsuccessfull addition of stock item
2024-06-11 22:46:11,423 : INFO : test_valid_add_stock_item : To test add stock item
2024-06-11 22:46:28,159 : ERROR : <module> : Error in fill_add_stock_item_form: can only concatenate str (not "int") to str
2024-06-11 22:46:28,219 : INFO : <module> : Search result text: Uniform (Patient-Staff)
2024-06-11 22:46:39,989 : INFO : test_invalid_add_stock_item : To test unsuccessfull addition of stock item
2024-06-11 22:47:20,292 : ERROR : <module> : Error in fill_add_stock_item_form_with_invalid_supplier: 'NoneType' object has no attribute 'click'
2024-06-11 22:47:20,293 : INFO : test_invalid_add_stock_item : unsuccessfull addition of stock item is verified
2024-06-11 22:50:37,658 : INFO : test_valid_add_stock_item : To test add stock item
2024-06-11 22:50:53,353 : ERROR : <module> : Error in fill_add_stock_item_form: can only concatenate str (not "int") to str
2024-06-11 22:50:53,444 : INFO : <module> : Search result text: Uniform (Patient-Staff)
2024-06-11 22:51:06,060 : INFO : test_invalid_add_stock_item : To test unsuccessfull addition of stock item
2024-06-11 22:51:26,543 : INFO : test_valid_add_stock_item : To test add stock item
2024-06-11 22:51:51,881 : ERROR : <module> : Error in fill_add_stock_item_form: can only concatenate str (not "int") to str
2024-06-11 22:51:52,096 : INFO : <module> : Search result text: Uniform (Patient-Staff)
2024-06-11 22:52:02,617 : INFO : test_invalid_add_stock_item : To test unsuccessfull addition of stock item
2024-06-11 23:01:55,958 : INFO : test_valid_add_stock_item : To test add stock item
2024-06-11 23:02:10,186 : ERROR : <module> : Error in fill_add_stock_item_form: can only concatenate str (not "int") to str
2024-06-11 23:02:10,320 : INFO : <module> : Search result text: Uniform (Patient-Staff)
2024-06-11 23:02:22,424 : INFO : test_invalid_add_stock_item : To test unsuccessfull addition of stock item
2024-06-11 23:02:43,655 : INFO : test_invalid_add_stock_item : unsuccessfull addition of stock item is verified
2024-06-11 23:08:10,096 : INFO : test_valid_add_stock_item : To test add stock item
2024-06-11 23:08:25,354 : ERROR : <module> : Error in fill_add_stock_item_form: can only concatenate str (not "int") to str
2024-06-11 23:08:25,480 : INFO : <module> : Search result text: Uniform (Patient-Staff)
2024-06-11 23:08:35,136 : INFO : test_invalid_add_stock_item : To test unsuccessfull addition of stock item
2024-06-11 23:08:51,401 : INFO : test_invalid_add_stock_item : unsuccessfull addition of stock item is verified
2024-06-11 23:13:17,981 : INFO : test_valid_add_stock_item : To test add stock item
2024-06-11 23:13:48,381 : ERROR : <module> : Error in fill_add_stock_item_form: can only concatenate str (not "int") to str
2024-06-11 23:13:48,511 : INFO : <module> : Search result text: Uniform (Patient-Staff)
2024-06-11 23:14:00,483 : INFO : test_invalid_add_stock_item : To test unsuccessfull addition of stock item
2024-06-11 23:14:38,244 : ERROR : <module> : Error in fill_add_stock_item_form_with_invalid_supplier: 'NoneType' object has no attribute 'click'
2024-06-11 23:14:38,244 : INFO : test_invalid_add_stock_item : unsuccessfull addition of stock item is verified
2024-06-11 23:15:12,971 : INFO : test_valid_add_stock_item : To test add stock item
2024-06-11 23:15:55,686 : ERROR : <module> : Error in fill_add_stock_item_form: can only concatenate str (not "int") to str
2024-06-11 23:15:55,780 : INFO : <module> : Search result text: Uniform (Patient-Staff)
2024-06-11 23:16:07,442 : INFO : test_invalid_add_stock_item : To test unsuccessfull addition of stock item
2024-06-11 23:16:43,266 : ERROR : <module> : Error in fill_add_stock_item_form_with_invalid_supplier: 'NoneType' object has no attribute 'click'
2024-06-11 23:16:43,266 : INFO : test_invalid_add_stock_item : unsuccessfull addition of stock item is verified
2024-06-11 23:20:02,680 : INFO : test_valid_add_stock_item : To test add stock item
2024-06-11 23:20:43,684 : ERROR : <module> : Error in fill_add_stock_item_form: can only concatenate str (not "int") to str
2024-06-11 23:20:43,818 : INFO : <module> : Search result text: Bed Sheet
2024-06-11 23:20:43,818 : INFO : test_valid_add_stock_item : Stock item is added sucessfully
2024-06-11 23:21:00,354 : INFO : test_invalid_add_stock_item : To test unsuccessfull addition of stock item
2024-06-11 23:21:19,384 : INFO : test_invalid_add_stock_item : unsuccessfull addition of stock item is verified
2024-06-09 22:15:21,363 : INFO : test_valid_update_bedstatus : Bed status updated successfully
2024-06-09 22:15:56,192 : INFO : test_invalid_update_bedstatus_with_existing_patient : Invalid updation of bed status asserted successfully
2024-06-11 20:08:06,908 : INFO : test_valid_notification_delete : All notification deleted  successfully
2024-06-11 20:10:02,650 : INFO : test_valid_addnewpatient : New patient added successfully
2024-06-11 20:11:04,191 : INFO : test_invalid_addnewpatient_without_patient_age : Invalid addtion of new patient asserted successfully
2024-06-11 20:14:40,080 : INFO : test_invalid_addnewpatient_without_patient_age : Invalid addtion of new patient asserted successfully
2024-06-11 20:18:07,874 : INFO : test_invalid_addnewpatient_without_patient_age : Invalid addtion of new patient asserted successfully
2024-06-11 20:22:21,574 : INFO : test_invalid_addnewpatient_without_patient_age : Invalid addtion of new patient asserted successfully
2024-06-11 20:24:24,415 : INFO : test_invalid_addnewpatient_without_patient_age : Invalid addtion of new patient asserted successfully
2024-06-11 20:26:56,688 : INFO : test_invalid_addnewpatient_without_patient_age : Invalid addtion of new patient asserted successfully
2024-06-11 20:31:13,953 : INFO : test_invalid_addnewpatient_without_patient_age : Invalid addtion of new patient asserted successfully
2024-06-11 20:32:20,554 : INFO : test_valid_addnewpatient : New patient added successfully
2024-06-11 20:33:44,726 : INFO : test_invalid_addnewpatient_without_patient_age : Invalid addtion of new patient asserted successfully
2024-06-11 20:57:41,894 : INFO : test_valid_addnewpatient : New patient added successfully
2024-06-11 21:00:44,453 : INFO : test_invalid_addnewpatient_without_patient_age : Invalid addtion of new patient asserted successfully
2024-06-11 21:20:28,384 : INFO : test_valid_update_bedstatus : Bed status updated successfully
2024-06-11 21:21:54,740 : INFO : test_invalid_update_bedstatus_with_existing_patient : Invalid updation of bed status asserted successfully
2024-06-11 21:23:04,315 : INFO : test_invalid_update_bedstatus_without_consultant : Invalid updation of bed status asserted successfully
2024-06-11 21:24:11,798 : INFO : test_invalid_update_bedstatus_without_appointment_date : Invalid updation of bed status asserted successfully
2024-06-11 21:24:37,844 : INFO : test_invalid_update_bedstatus_without_patient : Invalid updation of bed status asserted successfully
2024-06-11 21:28:57,826 : INFO : test_valid_update_bedstatus : Bed status updated successfully
2024-06-11 21:32:26,063 : INFO : test_valid_update_bedstatus : Bed status updated successfully
2024-06-11 21:33:42,355 : INFO : test_invalid_update_bedstatus_with_existing_patient : Invalid updation of bed status asserted successfully
2024-06-11 21:34:52,804 : INFO : test_invalid_update_bedstatus_without_consultant : Invalid updation of bed status asserted successfully
2024-06-11 21:36:08,000 : INFO : test_invalid_update_bedstatus_without_appointment_date : Invalid updation of bed status asserted successfully
2024-06-11 21:37:01,625 : INFO : test_invalid_update_bedstatus_without_patient : Invalid updation of bed status asserted successfully
2024-06-12 00:11:48,339 : INFO : test_valid_notification_delete : All notification deleted  successfully
2024-06-12 00:23:36,790 : INFO : test_valid_addnewpatient : New patient added successfully
2024-06-12 00:47:06,003 : INFO : test_valid_doctorlogin : Doctor logged in successfully
2024-06-12 00:59:37,273 : INFO : test_valid_addnewpatient : New patient added successfully
2024-06-12 01:00:49,466 : INFO : test_valid_addnewpatient : New patient added successfully
2024-06-12 01:02:57,352 : INFO : test_valid_update_bedstatus : Bed status updated successfully
2024-06-12 01:16:17,610 : INFO : test_valid_addnewpatient : New patient added successfully
2024-06-12 01:24:24,113 : INFO : test_valid_addnewpatient : New patient added successfully
2024-06-12 01:35:30,092 : INFO : test_valid_addnewpatient : New patient added successfully
2024-06-12 01:36:42,702 : INFO : test_valid_addnewpatient : New patient added successfully
2024-06-12 01:37:35,146 : INFO : test_invalid_addnewpatient_without_patient_age : Invalid addtion of new patient asserted successfully
2024-06-12 01:52:18,912 : INFO : test_valid_notification_delete : All notification deleted  successfully
2024-06-12 01:53:53,735 : INFO : test_valid_notification_delete : All notification deleted  successfully
2024-06-12 02:06:23,417 : INFO : test_valid_addnewpatient : New patient added successfully
2024-06-12 02:07:11,322 : INFO : test_invalid_addnewpatient_without_patient_age : Invalid addtion of new patient asserted successfully
2024-06-12 02:09:21,379 : INFO : test_valid_addnewpatient : New patient added successfully
2024-06-12 02:10:17,613 : INFO : test_invalid_addnewpatient_without_patient_age : Invalid addtion of new patient asserted successfully
2024-06-12 02:54:19,305 : INFO : test_valid_update_bedstatus : Bed status updated successfully
2024-06-12 03:14:29,555 : INFO : test_valid_update_bedstatus : Bed status updated successfully
2024-06-12 03:18:10,862 : INFO : test_valid_update_bedstatus : Bed status updated successfully
2024-06-12 03:18:38,089 : INFO : test_invalid_update_bedstatus_with_existing_patient : Invalid updation of bed status asserted successfully
2024-06-12 03:19:05,252 : INFO : test_invalid_update_bedstatus_without_consultant : Invalid updation of bed status asserted successfully
2024-06-12 03:19:32,285 : INFO : test_invalid_update_bedstatus_without_appointment_date : Invalid updation of bed status asserted successfully
2024-06-12 03:19:57,133 : INFO : test_invalid_update_bedstatus_without_patient : Invalid updation of bed status asserted successfully
2024-06-12 03:33:33,280 : INFO : test_invalid_billsearch : Invalid bill search asserted successfully
2024-06-12 03:41:11,124 : INFO : test_valid_billsearch : Successfull bill search
2024-06-12 03:58:14,311 : INFO : test_valid_billsearch : PHARMAB307 115 10/22/2023 12:44 PM Reyan Jain (9011) 210.00 210.00 0.00 PaySuccessfull bill search
2024-06-12 03:59:28,238 : INFO : test_valid_billsearch : PHARMAB307 115 10/22/2023 12:44 PM Reyan Jain (9011) 210.00 210.00 0.00 Pay Successfull bill search
2024-06-12 03:59:50,265 : INFO : test_invalid_billsearch : Invalid bill search asserted successfully
2024-06-12 04:19:33,861 : INFO : test_valid_viewbilldetails : Due Amount: 0.00 Bill details viewed successfully
2024-06-12 04:21:51,223 : INFO : test_valid_viewbilldetails : Due Amount: 0.00 Bill details viewed successfully
2024-06-12 04:45:42,521 : INFO : test_valid_notification_delete : All notification deleted  successfully
2024-06-12 04:46:07,393 : INFO : test_valid_notification_delete : All notification deleted  successfully

>>>>>>> 6b7959b5c0961377f98844fecd08ec00e028720d
2024-06-14 14:07:41,577 : INFO : test_valid_Add_appointment : Appointment Added sucessfully
2024-06-14 14:10:18,214 : INFO : test_valid_addnewpatient : New patient added successfully
2024-06-14 14:11:15,637 : INFO : test_invalid_addnewpatient_without_patient_age : Invalid addtion of new patient asserted successfully
2024-06-14 14:11:33,559 : INFO : test_valid_Add_appointment : Appointment Added sucessfully
2024-06-14 14:11:56,527 : INFO : test_Invalid_Add_appointment : Invalid Appointment executed sucessfully
2024-06-14 14:12:17,569 : INFO : test_empty_Add_appointment : Appointment Added sucessfully
2024-06-14 14:20:34,636 : INFO : test_valid_add_birth_record : Birth Record Added sucessfully
2024-06-14 14:25:11,960 : INFO : test_valid_add_birth_record : Birth Record Added sucessfully
2024-06-14 14:25:37,478 : INFO : test_Invalid_add_birth_record : Invalid birth record Asserted sucessfully
2024-06-14 14:26:06,029 : INFO : test_Invalid_case_Id : Invalid case Id Asserted sucessfully
2024-06-14 14:26:32,964 : INFO : test_blank_add_birth_data : Empty record Assert Sucessfully
2024-06-14 14:28:46,976 : INFO : test_valid_add_death_record : death record Added sucessfully
2024-06-14 14:29:13,060 : INFO : test_Invalid_add_death_record : Invalid death record Asserted sucessfully
2024-06-14 14:29:45,992 : INFO : test_Invalid_case_Id : Invalid case ID death record Asserted sucessfully
2024-06-14 14:30:13,667 : INFO : test_blank_add_birth_data : Empty record Assert Sucessfully
2024-06-14 14:39:11,447 : INFO : test_valid_Payment : Payment sucessfully
2024-06-14 14:39:51,358 : INFO : test_Invalid_Payment : Invalid Payment sucessfully
2024-06-14 14:40:20,010 : INFO : test_empty_Payment : Empty Payment sucessfully
2024-06-14 14:40:58,055 : INFO : test_valid_add_stock_item : To test add stock item
2024-06-14 14:41:11,679 : INFO : <module> : Search result text: Uniform (Patient-Staff)
2024-06-14 14:41:19,743 : INFO : test_invalid_add_stock_item : To test unsuccessfull addition of stock item
2024-06-14 14:41:31,563 : INFO : test_invalid_add_stock_item : unsuccessfull addition of stock item is verified
2024-06-14 14:44:45,931 : INFO : test_valid_add_stock_item : To test add stock item
2024-06-14 14:44:58,393 : INFO : <module> : Search result text: Uniform (Patient-Staff)
2024-06-14 14:45:06,614 : INFO : test_invalid_add_stock_item : To test unsuccessfull addition of stock item
2024-06-14 14:45:19,859 : INFO : test_invalid_add_stock_item : unsuccessfull addition of stock item is verified
2024-06-14 14:51:11,193 : INFO : test_valid_addnewpatient : New patient added successfully
2024-06-14 14:52:04,503 : INFO : test_invalid_addnewpatient_without_patient_age : Invalid addtion of new patient asserted successfully
2024-06-14 14:52:40,059 : INFO : test_valid_login : Login with valid username and Password
2024-06-14 14:52:50,083 : INFO : test_valid_login : Successfully logged in as admin
2024-06-14 14:53:01,647 : INFO : test_invalid_login_with_invalid_data : Login with invalid data /nUsername: jasson@gmail.com and password: passsword
2024-06-14 14:53:06,702 : INFO : test_invalid_login_with_invalid_data : Verified incorrect admin login
2024-06-14 14:53:19,469 : INFO : test_login_with_blank_username_and_valid_password : Login with blank username /nUsername:  and password: password
2024-06-14 14:53:24,065 : INFO : test_login_with_blank_username_and_valid_password : Verified login with blank username and valid password
2024-06-14 14:53:32,728 : INFO : test_login_with_valid_username_and_blank_password : Login with blank password /nUsername: jason@gmail.com and password: 
2024-06-14 14:53:37,824 : INFO : test_login_with_valid_username_and_blank_password : Verified login with valid username and blank password
2024-06-14 14:53:49,027 : INFO : test_login_with_blank_username_and_blank_password : Login with blank data /nUsername:  and password: 
2024-06-14 14:53:53,793 : INFO : test_login_with_blank_username_and_blank_password : Verified login with blank username and blank password
2024-06-14 14:54:32,160 : INFO : test_valid_billsearch : PHARMAB307 115 10/22/2023 12:44 PM Reyan Jain (9011) 210.00 210.00 0.00 Pay Successfull bill search
2024-06-14 14:54:49,622 : INFO : test_invalid_billsearch : Invalid bill search asserted successfully
2024-06-14 14:55:42,400 : INFO : test_valid_Delete_appointment : appointment Delted sucessfully
2024-06-14 14:56:13,017 : INFO : test_valid_appointment_search : To test valid appointment search results using doctor info
2024-06-14 14:56:29,144 : INFO : test_valid_appointment_search : valid appointment search results using doctor info is verified successfully
2024-06-14 14:56:41,049 : INFO : test_invalid_appointment_search : To test invalid appointment search results using doctor info
2024-06-14 14:56:54,819 : INFO : test_invalid_appointment_search : Invalid appointment search results using doctor info is verified
2024-06-14 14:58:12,170 : INFO : test_valid_doctorlogin : Doctor logged in successfully
2024-06-14 14:58:35,922 : INFO : test_invalid_doctorlogin_by_clicking_invalid_option : Invalid doctor login asserted successfully
2024-06-14 14:58:56,933 : INFO : test_invalidlogin_with_blank_username : Invalid doctor login asserted successfully
2024-06-14 14:59:13,693 : INFO : test_invalidlogin_with_blank_password : Invalid doctor login asserted successfully
2024-06-14 14:59:30,240 : INFO : test_invalidlogin_with_invalid_credentials : Invalid doctor login asserted successfully
2024-06-14 14:59:55,800 : INFO : test_invalidlogin_with_blank_username_and_password : Invalid doctor login asserted successfully
2024-06-14 15:08:19,061 : INFO : test_valid_notification_delete : All notification deleted  successfully
2024-06-14 15:08:53,246 : INFO : test_valid_patient_search : To test search results by patient name
2024-06-14 15:09:04,782 : INFO : test_valid_patient_search : search results by patient name is verified successfully
2024-06-14 15:09:16,331 : INFO : test_invalid_patient_search : To test search results by invalid patient name
2024-06-14 15:09:30,603 : INFO : test_invalid_patient_search : search results by invalid patient name is verified successfully
2024-06-14 15:09:55,243 : INFO : test_valid_post_new_message : To test post new message functionality
2024-06-14 15:10:37,019 : INFO : test_valid_post_new_message : Notification send successfully
2024-06-14 15:10:48,745 : INFO : test_invalid_post_new_message : To test unsucessful post new message functionality
2024-06-14 15:11:20,246 : INFO : test_invalid_post_new_message : unsucessful post new message is verified
2024-06-14 15:11:31,844 : INFO : test_invalid_post_new_message_for_msg_body : To test unsucessful post new message functionality
2024-06-14 15:11:45,181 : INFO : test_invalid_post_new_message_for_msg_body : unsucessful post new message is verified
2024-06-14 15:13:17,532 : INFO : test_valid_queue_search : To test valid Queue search results
2024-06-14 15:13:41,259 : INFO : test_invalid_queue_search : To test invalid Queue search results
2024-06-14 15:13:52,773 : INFO : test_invalid_queue_search : Invalid Queue search results is verified successfully
2024-06-14 15:20:51,256 : INFO : test_valid_queue_search : To test valid Queue search results
2024-06-14 15:21:02,541 : INFO : test_valid_queue_search : valid queue search results is verified successfully
2024-06-14 15:21:11,290 : INFO : test_invalid_queue_search : To test invalid Queue search results
2024-06-14 15:21:22,940 : INFO : test_invalid_queue_search : Invalid Queue search results is verified successfully
2024-06-14 15:21:57,988 : INFO : test_valid_birth_search_record : Searched Birth Record Sucessfully
2024-06-14 15:22:21,546 : INFO : test_Invalid_birth_search_record : Searched Invalid Birth Record asserted Sucessfully
2024-06-14 15:23:55,124 : INFO : test_Invalid_death_search_record : Searched Invalid Birth Record asserted Sucessfully
2024-06-14 15:33:59,178 : INFO : test_valid_add_stock_item : To test add stock item
2024-06-14 15:34:17,832 : INFO : test_invalid_add_stock_item : To test unsuccessfull addition of stock item
2024-06-14 15:34:29,161 : INFO : test_invalid_add_stock_item : unsuccessfull addition of stock item is verified
2024-06-14 15:35:23,952 : INFO : test_valid_add_stock_item : To test add stock item
2024-06-14 15:35:41,836 : INFO : test_invalid_add_stock_item : To test unsuccessfull addition of stock item
2024-06-14 15:35:51,684 : INFO : test_invalid_add_stock_item : unsuccessfull addition of stock item is verified
2024-06-14 15:37:19,205 : INFO : test_valid_add_stock_item : To test add stock item
2024-06-14 15:37:37,233 : INFO : test_invalid_add_stock_item : To test unsuccessfull addition of stock item
2024-06-14 15:37:55,512 : INFO : test_invalid_add_stock_item : unsuccessfull addition of stock item is verified
2024-06-14 15:38:23,152 : INFO : test_valid_add_stock_item : To test add stock item
2024-06-14 15:39:12,880 : INFO : test_valid_add_stock_item : Stock item is added sucessfully
2024-06-14 15:39:21,488 : INFO : test_invalid_add_stock_item : To test unsuccessfull addition of stock item
2024-06-14 15:39:33,550 : INFO : test_invalid_add_stock_item : unsuccessfull addition of stock item is verified
2024-06-14 15:47:11,164 : INFO : test_valid_death_search_record : Searched Birth Record Sucessfully
2024-06-14 15:47:35,129 : INFO : test_Invalid_death_search_record : Searched Invalid Birth Record asserted Sucessfully
2024-06-14 15:48:05,354 : INFO : test_valid_send_sms : To test send sms functionality
2024-06-14 15:48:17,120 : INFO : test_valid_send_sms : send sms functionality is verified successfully
2024-06-14 15:48:28,436 : INFO : test_valid_send_sms_to_individual : To test send sms to individual patient/doctor
2024-06-14 15:48:57,136 : INFO : test_valid_send_sms_to_individual : send sms to individual patient/doctor is verified successfully
2024-06-14 15:49:05,894 : INFO : test_invalid_send_sms_without_sendthrough : To test unsuccessful send sms without send through
2024-06-14 15:49:17,295 : INFO : test_invalid_send_sms_without_sendthrough : Unsucessful send sms functionality is verified
2024-06-14 15:49:26,220 : INFO : test_invalid_send_sms_without_title : To test unsuccessful send sms without title
2024-06-14 15:49:37,359 : INFO : test_invalid_send_sms_without_title : Unsucessful send sms functionality is verified
2024-06-14 15:50:52,063 : INFO : test_valid_update_bedstatus : Bed status updated successfully
2024-06-14 15:51:17,006 : INFO : test_invalid_update_bedstatus_with_existing_patient : Invalid updation of bed status asserted successfully
2024-06-14 15:51:44,974 : INFO : test_invalid_update_bedstatus_without_consultant : Invalid updation of bed status asserted successfully
2024-06-14 15:52:21,147 : INFO : test_invalid_update_bedstatus_without_appointment_date : Invalid updation of bed status asserted successfully
2024-06-14 15:52:45,827 : INFO : test_invalid_update_bedstatus_without_patient : Invalid updation of bed status asserted successfully
2024-06-14 15:53:30,132 : INFO : test_valid_search_user_appointment : Record Search sucessfully
2024-06-14 15:59:21,618 : INFO : test_valid_search_user_appointment : Record Search sucessfully
2024-06-14 15:59:53,242 : INFO : test_Invalid_search_user_appointmen : Invalid Record Search sucessfully
2024-06-14 16:00:48,821 : INFO : test_valid_userlogin_by_default_credentials : User logged in successfully
2024-06-14 16:01:02,673 : INFO : test_invalidlogin_with_blank_username : Invalid user login asserted successfully
2024-06-14 16:01:16,433 : INFO : test_invalidlogin_with_blank_password : Invalid user login asserted successfully
2024-06-14 16:01:30,008 : INFO : test_invalidlogin_with_invalid_credentials : Invalid user login asserted successfully
2024-06-14 16:02:04,760 : INFO : test_valid_viewbilldetails : Due Amount: 0.00 Bill details viewed successfully
2024-07-12 19:57:52,065 : INFO : test_valid_addnewpatient : New patient added successfully
2024-07-12 19:58:52,970 : INFO : test_invalid_addnewpatient_without_patient_age : Invalid addtion of new patient asserted successfully
2024-07-13 21:11:34,469 : INFO : test_valid_addnewpatient : New patient added successfully
2024-07-15 18:15:05,181 : ERROR : test_valid_add_birth_record : error due to element not found
2024-07-15 18:17:21,192 : ERROR : <module> : Error in click_Birth_and_death_record:
2024-07-15 18:25:32,008 : ERROR : test_valid_add_birth_record : Test failed due to an exception:
Traceback (most recent call last):
  File "D:\Dinesh_branch_pytest_demo_smart_hospital\pilot_project_Demo_smart_hospital_Pytest\Demo_smart_hospital\Test\Test_Add_birth_record.py", line 18, in test_valid_add_birth_record
    Doctor_page.click_Birth_and_death_record()
  File "D:\Dinesh_branch_pytest_demo_smart_hospital\pilot_project_Demo_smart_hospital_Pytest\Demo_smart_hospital\Pages\DoctorPage.py", line 138, in click_Birth_and_death_record
    self.for_click(self.wait_for_element(self.Birth_and_death_record))
                   ^^^^^^^^^^^^^^^^^^^^^^^^^^^^^^^^^^^^^^^^^^^^^^^^^^
  File "D:\Dinesh_branch_pytest_demo_smart_hospital\pilot_project_Demo_smart_hospital_Pytest\Demo_smart_hospital\Pages\Basepage.py", line 69, in wait_for_element
    return self._wait.until(EC.visibility_of_element_located(locator))
           ^^^^^^^^^^^^^^^^^^^^^^^^^^^^^^^^^^^^^^^^^^^^^^^^^^^^^^^^^^^
  File "D:\python installer\Lib\site-packages\selenium\webdriver\support\wait.py", line 96, in until
    value = method(self._driver)
            ^^^^^^^^^^^^^^^^^^^^
  File "D:\python installer\Lib\site-packages\selenium\webdriver\support\expected_conditions.py", line 156, in _predicate
    return _element_if_visible(driver.find_element(*locator))
                               ^^^^^^^^^^^^^^^^^^^^^^^^^^^^^
  File "D:\python installer\Lib\site-packages\selenium\webdriver\remote\webdriver.py", line 741, in find_element
    return self.execute(Command.FIND_ELEMENT, {"using": by, "value": value})["value"]
           ^^^^^^^^^^^^^^^^^^^^^^^^^^^^^^^^^^^^^^^^^^^^^^^^^^^^^^^^^^^^^^^^^
  File "D:\python installer\Lib\site-packages\selenium\webdriver\remote\webdriver.py", line 347, in execute
    self.error_handler.check_response(response)
  File "D:\python installer\Lib\site-packages\selenium\webdriver\remote\errorhandler.py", line 229, in check_response
    raise exception_class(message, screen, stacktrace)
selenium.common.exceptions.InvalidSelectorException: Message: invalid selector
from javascript error: {"status":32,"value":"Unable to locate an element with the xpath expression [@class='fa fa-birthday-cake'] because of the following error:\nSyntaxError: Failed to execute 'evaluate' on 'Document': The string '[@class='fa fa-birthday-cake']' is not a valid XPath expression."}
  (Session info: chrome=126.0.6478.127); For documentation on this error, please visit: https://www.selenium.dev/documentation/webdriver/troubleshooting/errors#invalid-selector-exception
Stacktrace:
	GetHandleVerifier [0x00007FF7AF3FEEA2+31554]
	(No symbol) [0x00007FF7AF377ED9]
	(No symbol) [0x00007FF7AF23872A]
	(No symbol) [0x00007FF7AF23E55E]
	(No symbol) [0x00007FF7AF240EB1]
	(No symbol) [0x00007FF7AF240F50]
	(No symbol) [0x00007FF7AF287F6C]
	(No symbol) [0x00007FF7AF28853C]
	(No symbol) [0x00007FF7AF2CF6A7]
	(No symbol) [0x00007FF7AF2AD06F]
	(No symbol) [0x00007FF7AF2CC977]
	(No symbol) [0x00007FF7AF2ACDD3]
	(No symbol) [0x00007FF7AF27A33B]
	(No symbol) [0x00007FF7AF27AED1]
	GetHandleVerifier [0x00007FF7AF708B1D+3217341]
	GetHandleVerifier [0x00007FF7AF755AE3+3532675]
	GetHandleVerifier [0x00007FF7AF74B0E0+3489152]
	GetHandleVerifier [0x00007FF7AF4AE776+750614]
	(No symbol) [0x00007FF7AF38375F]
	(No symbol) [0x00007FF7AF37EB14]
	(No symbol) [0x00007FF7AF37ECA2]
	(No symbol) [0x00007FF7AF36E16F]
	BaseThreadInitThunk [0x00007FFF134C257D+29]
	RtlUserThreadStart [0x00007FFF1496AA48+40]

2024-07-15 18:26:40,452 : ERROR : <module> : Error in click_Birth_and_death_record:
Traceback (most recent call last):
  File "D:\Dinesh_branch_pytest_demo_smart_hospital\pilot_project_Demo_smart_hospital_Pytest\Demo_smart_hospital\Pages\DoctorPage.py", line 138, in click_Birth_and_death_record
    self.for_click(self.wait_for_element(self.Birth_and_death_record))
                   ^^^^^^^^^^^^^^^^^^^^^^^^^^^^^^^^^^^^^^^^^^^^^^^^^^
  File "D:\Dinesh_branch_pytest_demo_smart_hospital\pilot_project_Demo_smart_hospital_Pytest\Demo_smart_hospital\Pages\Basepage.py", line 69, in wait_for_element
    return self._wait.until(EC.visibility_of_element_located(locator))
           ^^^^^^^^^^^^^^^^^^^^^^^^^^^^^^^^^^^^^^^^^^^^^^^^^^^^^^^^^^^
  File "D:\python installer\Lib\site-packages\selenium\webdriver\support\wait.py", line 96, in until
    value = method(self._driver)
            ^^^^^^^^^^^^^^^^^^^^
  File "D:\python installer\Lib\site-packages\selenium\webdriver\support\expected_conditions.py", line 156, in _predicate
    return _element_if_visible(driver.find_element(*locator))
                               ^^^^^^^^^^^^^^^^^^^^^^^^^^^^^
  File "D:\python installer\Lib\site-packages\selenium\webdriver\remote\webdriver.py", line 741, in find_element
    return self.execute(Command.FIND_ELEMENT, {"using": by, "value": value})["value"]
           ^^^^^^^^^^^^^^^^^^^^^^^^^^^^^^^^^^^^^^^^^^^^^^^^^^^^^^^^^^^^^^^^^
  File "D:\python installer\Lib\site-packages\selenium\webdriver\remote\webdriver.py", line 347, in execute
    self.error_handler.check_response(response)
  File "D:\python installer\Lib\site-packages\selenium\webdriver\remote\errorhandler.py", line 229, in check_response
    raise exception_class(message, screen, stacktrace)
selenium.common.exceptions.InvalidSelectorException: Message: invalid selector
from javascript error: {"status":32,"value":"Unable to locate an element with the xpath expression [@class='fa fa-birthday-cake'] because of the following error:\nSyntaxError: Failed to execute 'evaluate' on 'Document': The string '[@class='fa fa-birthday-cake']' is not a valid XPath expression."}
  (Session info: chrome=126.0.6478.127); For documentation on this error, please visit: https://www.selenium.dev/documentation/webdriver/troubleshooting/errors#invalid-selector-exception
Stacktrace:
	GetHandleVerifier [0x00007FF7AF3FEEA2+31554]
	(No symbol) [0x00007FF7AF377ED9]
	(No symbol) [0x00007FF7AF23872A]
	(No symbol) [0x00007FF7AF23E55E]
	(No symbol) [0x00007FF7AF240EB1]
	(No symbol) [0x00007FF7AF240F50]
	(No symbol) [0x00007FF7AF287F6C]
	(No symbol) [0x00007FF7AF28853C]
	(No symbol) [0x00007FF7AF2CF6A7]
	(No symbol) [0x00007FF7AF2AD06F]
	(No symbol) [0x00007FF7AF2CC977]
	(No symbol) [0x00007FF7AF2ACDD3]
	(No symbol) [0x00007FF7AF27A33B]
	(No symbol) [0x00007FF7AF27AED1]
	GetHandleVerifier [0x00007FF7AF708B1D+3217341]
	GetHandleVerifier [0x00007FF7AF755AE3+3532675]
	GetHandleVerifier [0x00007FF7AF74B0E0+3489152]
	GetHandleVerifier [0x00007FF7AF4AE776+750614]
	(No symbol) [0x00007FF7AF38375F]
	(No symbol) [0x00007FF7AF37EB14]
	(No symbol) [0x00007FF7AF37ECA2]
	(No symbol) [0x00007FF7AF36E16F]
	BaseThreadInitThunk [0x00007FFF134C257D+29]
	RtlUserThreadStart [0x00007FFF1496AA48+40]

2024-07-15 18:26:40,460 : ERROR : test_valid_add_birth_record : Test failed due to an exception:
Traceback (most recent call last):
  File "D:\Dinesh_branch_pytest_demo_smart_hospital\pilot_project_Demo_smart_hospital_Pytest\Demo_smart_hospital\Test\Test_Add_birth_record.py", line 18, in test_valid_add_birth_record
    Doctor_page.click_Birth_and_death_record()
  File "D:\Dinesh_branch_pytest_demo_smart_hospital\pilot_project_Demo_smart_hospital_Pytest\Demo_smart_hospital\Pages\DoctorPage.py", line 138, in click_Birth_and_death_record
    self.for_click(self.wait_for_element(self.Birth_and_death_record))
                   ^^^^^^^^^^^^^^^^^^^^^^^^^^^^^^^^^^^^^^^^^^^^^^^^^^
  File "D:\Dinesh_branch_pytest_demo_smart_hospital\pilot_project_Demo_smart_hospital_Pytest\Demo_smart_hospital\Pages\Basepage.py", line 69, in wait_for_element
    return self._wait.until(EC.visibility_of_element_located(locator))
           ^^^^^^^^^^^^^^^^^^^^^^^^^^^^^^^^^^^^^^^^^^^^^^^^^^^^^^^^^^^
  File "D:\python installer\Lib\site-packages\selenium\webdriver\support\wait.py", line 96, in until
    value = method(self._driver)
            ^^^^^^^^^^^^^^^^^^^^
  File "D:\python installer\Lib\site-packages\selenium\webdriver\support\expected_conditions.py", line 156, in _predicate
    return _element_if_visible(driver.find_element(*locator))
                               ^^^^^^^^^^^^^^^^^^^^^^^^^^^^^
  File "D:\python installer\Lib\site-packages\selenium\webdriver\remote\webdriver.py", line 741, in find_element
    return self.execute(Command.FIND_ELEMENT, {"using": by, "value": value})["value"]
           ^^^^^^^^^^^^^^^^^^^^^^^^^^^^^^^^^^^^^^^^^^^^^^^^^^^^^^^^^^^^^^^^^
  File "D:\python installer\Lib\site-packages\selenium\webdriver\remote\webdriver.py", line 347, in execute
    self.error_handler.check_response(response)
  File "D:\python installer\Lib\site-packages\selenium\webdriver\remote\errorhandler.py", line 229, in check_response
    raise exception_class(message, screen, stacktrace)
selenium.common.exceptions.InvalidSelectorException: Message: invalid selector
from javascript error: {"status":32,"value":"Unable to locate an element with the xpath expression [@class='fa fa-birthday-cake'] because of the following error:\nSyntaxError: Failed to execute 'evaluate' on 'Document': The string '[@class='fa fa-birthday-cake']' is not a valid XPath expression."}
  (Session info: chrome=126.0.6478.127); For documentation on this error, please visit: https://www.selenium.dev/documentation/webdriver/troubleshooting/errors#invalid-selector-exception
Stacktrace:
	GetHandleVerifier [0x00007FF7AF3FEEA2+31554]
	(No symbol) [0x00007FF7AF377ED9]
	(No symbol) [0x00007FF7AF23872A]
	(No symbol) [0x00007FF7AF23E55E]
	(No symbol) [0x00007FF7AF240EB1]
	(No symbol) [0x00007FF7AF240F50]
	(No symbol) [0x00007FF7AF287F6C]
	(No symbol) [0x00007FF7AF28853C]
	(No symbol) [0x00007FF7AF2CF6A7]
	(No symbol) [0x00007FF7AF2AD06F]
	(No symbol) [0x00007FF7AF2CC977]
	(No symbol) [0x00007FF7AF2ACDD3]
	(No symbol) [0x00007FF7AF27A33B]
	(No symbol) [0x00007FF7AF27AED1]
	GetHandleVerifier [0x00007FF7AF708B1D+3217341]
	GetHandleVerifier [0x00007FF7AF755AE3+3532675]
	GetHandleVerifier [0x00007FF7AF74B0E0+3489152]
	GetHandleVerifier [0x00007FF7AF4AE776+750614]
	(No symbol) [0x00007FF7AF38375F]
	(No symbol) [0x00007FF7AF37EB14]
	(No symbol) [0x00007FF7AF37ECA2]
	(No symbol) [0x00007FF7AF36E16F]
	BaseThreadInitThunk [0x00007FFF134C257D+29]
	RtlUserThreadStart [0x00007FFF1496AA48+40]

2024-07-15 18:26:58,290 : ERROR : <module> : Error in click_Birth_and_death_record:
Traceback (most recent call last):
  File "D:\Dinesh_branch_pytest_demo_smart_hospital\pilot_project_Demo_smart_hospital_Pytest\Demo_smart_hospital\Pages\DoctorPage.py", line 138, in click_Birth_and_death_record
    self.for_click(self.wait_for_element(self.Birth_and_death_record))
                   ^^^^^^^^^^^^^^^^^^^^^^^^^^^^^^^^^^^^^^^^^^^^^^^^^^
  File "D:\Dinesh_branch_pytest_demo_smart_hospital\pilot_project_Demo_smart_hospital_Pytest\Demo_smart_hospital\Pages\Basepage.py", line 69, in wait_for_element
    return self._wait.until(EC.visibility_of_element_located(locator))
           ^^^^^^^^^^^^^^^^^^^^^^^^^^^^^^^^^^^^^^^^^^^^^^^^^^^^^^^^^^^
  File "D:\python installer\Lib\site-packages\selenium\webdriver\support\wait.py", line 96, in until
    value = method(self._driver)
            ^^^^^^^^^^^^^^^^^^^^
  File "D:\python installer\Lib\site-packages\selenium\webdriver\support\expected_conditions.py", line 156, in _predicate
    return _element_if_visible(driver.find_element(*locator))
                               ^^^^^^^^^^^^^^^^^^^^^^^^^^^^^
  File "D:\python installer\Lib\site-packages\selenium\webdriver\remote\webdriver.py", line 741, in find_element
    return self.execute(Command.FIND_ELEMENT, {"using": by, "value": value})["value"]
           ^^^^^^^^^^^^^^^^^^^^^^^^^^^^^^^^^^^^^^^^^^^^^^^^^^^^^^^^^^^^^^^^^
  File "D:\python installer\Lib\site-packages\selenium\webdriver\remote\webdriver.py", line 347, in execute
    self.error_handler.check_response(response)
  File "D:\python installer\Lib\site-packages\selenium\webdriver\remote\errorhandler.py", line 229, in check_response
    raise exception_class(message, screen, stacktrace)
selenium.common.exceptions.InvalidSelectorException: Message: invalid selector
from javascript error: {"status":32,"value":"Unable to locate an element with the xpath expression [@class='fa fa-birthday-cake'] because of the following error:\nSyntaxError: Failed to execute 'evaluate' on 'Document': The string '[@class='fa fa-birthday-cake']' is not a valid XPath expression."}
  (Session info: chrome=126.0.6478.127); For documentation on this error, please visit: https://www.selenium.dev/documentation/webdriver/troubleshooting/errors#invalid-selector-exception
Stacktrace:
	GetHandleVerifier [0x00007FF7AF3FEEA2+31554]
	(No symbol) [0x00007FF7AF377ED9]
	(No symbol) [0x00007FF7AF23872A]
	(No symbol) [0x00007FF7AF23E55E]
	(No symbol) [0x00007FF7AF240EB1]
	(No symbol) [0x00007FF7AF240F50]
	(No symbol) [0x00007FF7AF287F6C]
	(No symbol) [0x00007FF7AF28853C]
	(No symbol) [0x00007FF7AF2CF6A7]
	(No symbol) [0x00007FF7AF2AD06F]
	(No symbol) [0x00007FF7AF2CC977]
	(No symbol) [0x00007FF7AF2ACDD3]
	(No symbol) [0x00007FF7AF27A33B]
	(No symbol) [0x00007FF7AF27AED1]
	GetHandleVerifier [0x00007FF7AF708B1D+3217341]
	GetHandleVerifier [0x00007FF7AF755AE3+3532675]
	GetHandleVerifier [0x00007FF7AF74B0E0+3489152]
	GetHandleVerifier [0x00007FF7AF4AE776+750614]
	(No symbol) [0x00007FF7AF38375F]
	(No symbol) [0x00007FF7AF37EB14]
	(No symbol) [0x00007FF7AF37ECA2]
	(No symbol) [0x00007FF7AF36E16F]
	BaseThreadInitThunk [0x00007FFF134C257D+29]
	RtlUserThreadStart [0x00007FFF1496AA48+40]

2024-07-15 18:27:17,029 : ERROR : <module> : Error in click_Birth_and_death_record:
Traceback (most recent call last):
  File "D:\Dinesh_branch_pytest_demo_smart_hospital\pilot_project_Demo_smart_hospital_Pytest\Demo_smart_hospital\Pages\DoctorPage.py", line 138, in click_Birth_and_death_record
    self.for_click(self.wait_for_element(self.Birth_and_death_record))
                   ^^^^^^^^^^^^^^^^^^^^^^^^^^^^^^^^^^^^^^^^^^^^^^^^^^
  File "D:\Dinesh_branch_pytest_demo_smart_hospital\pilot_project_Demo_smart_hospital_Pytest\Demo_smart_hospital\Pages\Basepage.py", line 69, in wait_for_element
    return self._wait.until(EC.visibility_of_element_located(locator))
           ^^^^^^^^^^^^^^^^^^^^^^^^^^^^^^^^^^^^^^^^^^^^^^^^^^^^^^^^^^^
  File "D:\python installer\Lib\site-packages\selenium\webdriver\support\wait.py", line 96, in until
    value = method(self._driver)
            ^^^^^^^^^^^^^^^^^^^^
  File "D:\python installer\Lib\site-packages\selenium\webdriver\support\expected_conditions.py", line 156, in _predicate
    return _element_if_visible(driver.find_element(*locator))
                               ^^^^^^^^^^^^^^^^^^^^^^^^^^^^^
  File "D:\python installer\Lib\site-packages\selenium\webdriver\remote\webdriver.py", line 741, in find_element
    return self.execute(Command.FIND_ELEMENT, {"using": by, "value": value})["value"]
           ^^^^^^^^^^^^^^^^^^^^^^^^^^^^^^^^^^^^^^^^^^^^^^^^^^^^^^^^^^^^^^^^^
  File "D:\python installer\Lib\site-packages\selenium\webdriver\remote\webdriver.py", line 347, in execute
    self.error_handler.check_response(response)
  File "D:\python installer\Lib\site-packages\selenium\webdriver\remote\errorhandler.py", line 229, in check_response
    raise exception_class(message, screen, stacktrace)
selenium.common.exceptions.InvalidSelectorException: Message: invalid selector
from javascript error: {"status":32,"value":"Unable to locate an element with the xpath expression [@class='fa fa-birthday-cake'] because of the following error:\nSyntaxError: Failed to execute 'evaluate' on 'Document': The string '[@class='fa fa-birthday-cake']' is not a valid XPath expression."}
  (Session info: chrome=126.0.6478.127); For documentation on this error, please visit: https://www.selenium.dev/documentation/webdriver/troubleshooting/errors#invalid-selector-exception
Stacktrace:
	GetHandleVerifier [0x00007FF7AF3FEEA2+31554]
	(No symbol) [0x00007FF7AF377ED9]
	(No symbol) [0x00007FF7AF23872A]
	(No symbol) [0x00007FF7AF23E55E]
	(No symbol) [0x00007FF7AF240EB1]
	(No symbol) [0x00007FF7AF240F50]
	(No symbol) [0x00007FF7AF287F6C]
	(No symbol) [0x00007FF7AF28853C]
	(No symbol) [0x00007FF7AF2CF6A7]
	(No symbol) [0x00007FF7AF2AD06F]
	(No symbol) [0x00007FF7AF2CC977]
	(No symbol) [0x00007FF7AF2ACDD3]
	(No symbol) [0x00007FF7AF27A33B]
	(No symbol) [0x00007FF7AF27AED1]
	GetHandleVerifier [0x00007FF7AF708B1D+3217341]
	GetHandleVerifier [0x00007FF7AF755AE3+3532675]
	GetHandleVerifier [0x00007FF7AF74B0E0+3489152]
	GetHandleVerifier [0x00007FF7AF4AE776+750614]
	(No symbol) [0x00007FF7AF38375F]
	(No symbol) [0x00007FF7AF37EB14]
	(No symbol) [0x00007FF7AF37ECA2]
	(No symbol) [0x00007FF7AF36E16F]
	BaseThreadInitThunk [0x00007FFF134C257D+29]
	RtlUserThreadStart [0x00007FFF1496AA48+40]

2024-07-15 18:27:35,443 : ERROR : <module> : Error in click_Birth_and_death_record:
Traceback (most recent call last):
  File "D:\Dinesh_branch_pytest_demo_smart_hospital\pilot_project_Demo_smart_hospital_Pytest\Demo_smart_hospital\Pages\DoctorPage.py", line 138, in click_Birth_and_death_record
    self.for_click(self.wait_for_element(self.Birth_and_death_record))
                   ^^^^^^^^^^^^^^^^^^^^^^^^^^^^^^^^^^^^^^^^^^^^^^^^^^
  File "D:\Dinesh_branch_pytest_demo_smart_hospital\pilot_project_Demo_smart_hospital_Pytest\Demo_smart_hospital\Pages\Basepage.py", line 69, in wait_for_element
    return self._wait.until(EC.visibility_of_element_located(locator))
           ^^^^^^^^^^^^^^^^^^^^^^^^^^^^^^^^^^^^^^^^^^^^^^^^^^^^^^^^^^^
  File "D:\python installer\Lib\site-packages\selenium\webdriver\support\wait.py", line 96, in until
    value = method(self._driver)
            ^^^^^^^^^^^^^^^^^^^^
  File "D:\python installer\Lib\site-packages\selenium\webdriver\support\expected_conditions.py", line 156, in _predicate
    return _element_if_visible(driver.find_element(*locator))
                               ^^^^^^^^^^^^^^^^^^^^^^^^^^^^^
  File "D:\python installer\Lib\site-packages\selenium\webdriver\remote\webdriver.py", line 741, in find_element
    return self.execute(Command.FIND_ELEMENT, {"using": by, "value": value})["value"]
           ^^^^^^^^^^^^^^^^^^^^^^^^^^^^^^^^^^^^^^^^^^^^^^^^^^^^^^^^^^^^^^^^^
  File "D:\python installer\Lib\site-packages\selenium\webdriver\remote\webdriver.py", line 347, in execute
    self.error_handler.check_response(response)
  File "D:\python installer\Lib\site-packages\selenium\webdriver\remote\errorhandler.py", line 229, in check_response
    raise exception_class(message, screen, stacktrace)
selenium.common.exceptions.InvalidSelectorException: Message: invalid selector
from javascript error: {"status":32,"value":"Unable to locate an element with the xpath expression [@class='fa fa-birthday-cake'] because of the following error:\nSyntaxError: Failed to execute 'evaluate' on 'Document': The string '[@class='fa fa-birthday-cake']' is not a valid XPath expression."}
  (Session info: chrome=126.0.6478.127); For documentation on this error, please visit: https://www.selenium.dev/documentation/webdriver/troubleshooting/errors#invalid-selector-exception
Stacktrace:
	GetHandleVerifier [0x00007FF7AF3FEEA2+31554]
	(No symbol) [0x00007FF7AF377ED9]
	(No symbol) [0x00007FF7AF23872A]
	(No symbol) [0x00007FF7AF23E55E]
	(No symbol) [0x00007FF7AF240EB1]
	(No symbol) [0x00007FF7AF240F50]
	(No symbol) [0x00007FF7AF287F6C]
	(No symbol) [0x00007FF7AF28853C]
	(No symbol) [0x00007FF7AF2CF6A7]
	(No symbol) [0x00007FF7AF2AD06F]
	(No symbol) [0x00007FF7AF2CC977]
	(No symbol) [0x00007FF7AF2ACDD3]
	(No symbol) [0x00007FF7AF27A33B]
	(No symbol) [0x00007FF7AF27AED1]
	GetHandleVerifier [0x00007FF7AF708B1D+3217341]
	GetHandleVerifier [0x00007FF7AF755AE3+3532675]
	GetHandleVerifier [0x00007FF7AF74B0E0+3489152]
	GetHandleVerifier [0x00007FF7AF4AE776+750614]
	(No symbol) [0x00007FF7AF38375F]
	(No symbol) [0x00007FF7AF37EB14]
	(No symbol) [0x00007FF7AF37ECA2]
	(No symbol) [0x00007FF7AF36E16F]
	BaseThreadInitThunk [0x00007FFF134C257D+29]
	RtlUserThreadStart [0x00007FFF1496AA48+40]

2024-07-15 18:38:58,272 : ERROR : test_valid_add_birth_record : Test failed due to an exception:
2024-07-15 18:40:37,242 : ERROR : <module> : Error in click_Birth_and_death_record:
2024-07-15 18:40:57,591 : ERROR : test_valid_add_birth_record : Test failed due to an exception:
2024-07-15 18:42:16,013 : ERROR : test_valid_add_birth_record : Test failed due to an exception:
2024-07-15 18:45:02,105 : ERROR : test_valid_add_birth_record : Test failed due to an exception:
2024-07-15 18:46:34,190 : ERROR : <module> : click birtha nd death record fails
2024-07-15 18:46:54,448 : ERROR : test_valid_add_birth_record : Test failed due to an exception:
2024-07-15 18:47:13,054 : ERROR : <module> : click birtha nd death record fails
2024-07-15 18:47:48,113 : ERROR : <module> : click birtha nd death record fails
2024-07-15 18:48:26,526 : ERROR : <module> : click birtha nd death record fails
2024-07-15 18:53:36,407 : ERROR : <module> : click birtha nd death record fails
2024-07-15 18:53:56,662 : ERROR : test_valid_add_birth_record : Test failed due to an exception:
2024-07-15 18:56:14,663 : ERROR : <module> : click birtha nd death record fails
2024-07-15 18:56:34,987 : ERROR : test_valid_add_birth_record : Test failed due to an exception:
2024-07-15 19:03:18,426 : ERROR : <module> : click birth and death record fails:Message: invalid selector
from javascript error: {"status":32,"value":"Unable to locate an element with the xpath expression [@class='fa fa-birthday-cake'] because of the following error:\nSyntaxError: Failed to execute 'evaluate' on 'Document': The string '[@class='fa fa-birthday-cake']' is not a valid XPath expression."}
  (Session info: chrome=126.0.6478.127); For documentation on this error, please visit: https://www.selenium.dev/documentation/webdriver/troubleshooting/errors#invalid-selector-exception
Stacktrace:
	GetHandleVerifier [0x00007FF7AF3FEEA2+31554]
	(No symbol) [0x00007FF7AF377ED9]
	(No symbol) [0x00007FF7AF23872A]
	(No symbol) [0x00007FF7AF23E55E]
	(No symbol) [0x00007FF7AF240EB1]
	(No symbol) [0x00007FF7AF240F50]
	(No symbol) [0x00007FF7AF287F6C]
	(No symbol) [0x00007FF7AF28853C]
	(No symbol) [0x00007FF7AF2CF6A7]
	(No symbol) [0x00007FF7AF2AD06F]
	(No symbol) [0x00007FF7AF2CC977]
	(No symbol) [0x00007FF7AF2ACDD3]
	(No symbol) [0x00007FF7AF27A33B]
	(No symbol) [0x00007FF7AF27AED1]
	GetHandleVerifier [0x00007FF7AF708B1D+3217341]
	GetHandleVerifier [0x00007FF7AF755AE3+3532675]
	GetHandleVerifier [0x00007FF7AF74B0E0+3489152]
	GetHandleVerifier [0x00007FF7AF4AE776+750614]
	(No symbol) [0x00007FF7AF38375F]
	(No symbol) [0x00007FF7AF37EB14]
	(No symbol) [0x00007FF7AF37ECA2]
	(No symbol) [0x00007FF7AF36E16F]
	BaseThreadInitThunk [0x00007FFF134C257D+29]
	RtlUserThreadStart [0x00007FFF1496AA48+40]

2024-07-15 19:03:39,206 : ERROR : test_valid_add_birth_record : Test failed due to an exception:
2024-07-15 19:04:18,137 : ERROR : <module> : click birth and death record fails:Message: invalid selector
from javascript error: {"status":32,"value":"Unable to locate an element with the xpath expression [@class='fa fa-birthday-cake'] because of the following error:\nSyntaxError: Failed to execute 'evaluate' on 'Document': The string '[@class='fa fa-birthday-cake']' is not a valid XPath expression."}
  (Session info: chrome=126.0.6478.127); For documentation on this error, please visit: https://www.selenium.dev/documentation/webdriver/troubleshooting/errors#invalid-selector-exception
Stacktrace:
	GetHandleVerifier [0x00007FF7AF3FEEA2+31554]
	(No symbol) [0x00007FF7AF377ED9]
	(No symbol) [0x00007FF7AF23872A]
	(No symbol) [0x00007FF7AF23E55E]
	(No symbol) [0x00007FF7AF240EB1]
	(No symbol) [0x00007FF7AF240F50]
	(No symbol) [0x00007FF7AF287F6C]
	(No symbol) [0x00007FF7AF28853C]
	(No symbol) [0x00007FF7AF2CF6A7]
	(No symbol) [0x00007FF7AF2AD06F]
	(No symbol) [0x00007FF7AF2CC977]
	(No symbol) [0x00007FF7AF2ACDD3]
	(No symbol) [0x00007FF7AF27A33B]
	(No symbol) [0x00007FF7AF27AED1]
	GetHandleVerifier [0x00007FF7AF708B1D+3217341]
	GetHandleVerifier [0x00007FF7AF755AE3+3532675]
	GetHandleVerifier [0x00007FF7AF74B0E0+3489152]
	GetHandleVerifier [0x00007FF7AF4AE776+750614]
	(No symbol) [0x00007FF7AF38375F]
	(No symbol) [0x00007FF7AF37EB14]
	(No symbol) [0x00007FF7AF37ECA2]
	(No symbol) [0x00007FF7AF36E16F]
	BaseThreadInitThunk [0x00007FFF134C257D+29]
	RtlUserThreadStart [0x00007FFF1496AA48+40]

2024-07-15 19:05:11,004 : ERROR : <module> : click birth and death record fails:Message: invalid selector
from javascript error: {"status":32,"value":"Unable to locate an element with the xpath expression [@class='fa fa-birthday-cake'] because of the following error:\nSyntaxError: Failed to execute 'evaluate' on 'Document': The string '[@class='fa fa-birthday-cake']' is not a valid XPath expression."}
  (Session info: chrome=126.0.6478.127); For documentation on this error, please visit: https://www.selenium.dev/documentation/webdriver/troubleshooting/errors#invalid-selector-exception
Stacktrace:
	GetHandleVerifier [0x00007FF7AF3FEEA2+31554]
	(No symbol) [0x00007FF7AF377ED9]
	(No symbol) [0x00007FF7AF23872A]
	(No symbol) [0x00007FF7AF23E55E]
	(No symbol) [0x00007FF7AF240EB1]
	(No symbol) [0x00007FF7AF240F50]
	(No symbol) [0x00007FF7AF287F6C]
	(No symbol) [0x00007FF7AF28853C]
	(No symbol) [0x00007FF7AF2CF6A7]
	(No symbol) [0x00007FF7AF2AD06F]
	(No symbol) [0x00007FF7AF2CC977]
	(No symbol) [0x00007FF7AF2ACDD3]
	(No symbol) [0x00007FF7AF27A33B]
	(No symbol) [0x00007FF7AF27AED1]
	GetHandleVerifier [0x00007FF7AF708B1D+3217341]
	GetHandleVerifier [0x00007FF7AF755AE3+3532675]
	GetHandleVerifier [0x00007FF7AF74B0E0+3489152]
	GetHandleVerifier [0x00007FF7AF4AE776+750614]
	(No symbol) [0x00007FF7AF38375F]
	(No symbol) [0x00007FF7AF37EB14]
	(No symbol) [0x00007FF7AF37ECA2]
	(No symbol) [0x00007FF7AF36E16F]
	BaseThreadInitThunk [0x00007FFF134C257D+29]
	RtlUserThreadStart [0x00007FFF1496AA48+40]

2024-07-15 19:06:11,153 : ERROR : <module> : click birth and death record fails:Message: invalid selector
from javascript error: {"status":32,"value":"Unable to locate an element with the xpath expression [@class='fa fa-birthday-cake'] because of the following error:\nSyntaxError: Failed to execute 'evaluate' on 'Document': The string '[@class='fa fa-birthday-cake']' is not a valid XPath expression."}
  (Session info: chrome=126.0.6478.127); For documentation on this error, please visit: https://www.selenium.dev/documentation/webdriver/troubleshooting/errors#invalid-selector-exception
Stacktrace:
	GetHandleVerifier [0x00007FF7AF3FEEA2+31554]
	(No symbol) [0x00007FF7AF377ED9]
	(No symbol) [0x00007FF7AF23872A]
	(No symbol) [0x00007FF7AF23E55E]
	(No symbol) [0x00007FF7AF240EB1]
	(No symbol) [0x00007FF7AF240F50]
	(No symbol) [0x00007FF7AF287F6C]
	(No symbol) [0x00007FF7AF28853C]
	(No symbol) [0x00007FF7AF2CF6A7]
	(No symbol) [0x00007FF7AF2AD06F]
	(No symbol) [0x00007FF7AF2CC977]
	(No symbol) [0x00007FF7AF2ACDD3]
	(No symbol) [0x00007FF7AF27A33B]
	(No symbol) [0x00007FF7AF27AED1]
	GetHandleVerifier [0x00007FF7AF708B1D+3217341]
	GetHandleVerifier [0x00007FF7AF755AE3+3532675]
	GetHandleVerifier [0x00007FF7AF74B0E0+3489152]
	GetHandleVerifier [0x00007FF7AF4AE776+750614]
	(No symbol) [0x00007FF7AF38375F]
	(No symbol) [0x00007FF7AF37EB14]
	(No symbol) [0x00007FF7AF37ECA2]
	(No symbol) [0x00007FF7AF36E16F]
	BaseThreadInitThunk [0x00007FFF134C257D+29]
	RtlUserThreadStart [0x00007FFF1496AA48+40]

2024-07-15 21:11:33,351 : INFO : test_valid_Add_appointment : Appointment Added sucessfully
2024-07-15 21:12:10,935 : INFO : test_Invalid_Add_appointment : Invalid Appointment executed sucessfully
2024-07-15 21:12:39,737 : INFO : test_empty_Add_appointment : Appointment Added sucessfully
2024-07-15 21:17:59,116 : INFO : test_valid_Add_appointment : Appointment Added sucessfully
2024-07-15 21:18:35,831 : INFO : test_Invalid_Add_appointment : Invalid Appointment executed sucessfully
2024-07-15 21:19:08,996 : INFO : test_empty_Add_appointment : Appointment Added sucessfully
2024-07-15 21:23:55,551 : INFO : test_valid_Add_appointment : Appointment Added sucessfully
2024-07-15 21:25:07,133 : INFO : test_Invalid_Add_appointment : Invalid Appointment executed sucessfully
2024-07-15 21:25:48,352 : INFO : test_empty_Add_appointment : Appointment Added sucessfully
2024-07-15 21:31:43,746 : INFO : test_valid_Add_appointment : Appointment Added sucessfully
2024-07-15 21:32:23,461 : INFO : test_Invalid_Add_appointment : Invalid Appointment executed sucessfully
2024-07-15 21:32:54,768 : INFO : test_empty_Add_appointment : Appointment Added sucessfully
2024-07-15 21:34:09,921 : INFO : test_valid_Add_appointment : Appointment Added sucessfully
2024-07-15 21:34:47,615 : INFO : test_Invalid_Add_appointment : Invalid Appointment executed sucessfully
2024-07-15 21:35:14,691 : INFO : test_empty_Add_appointment : Appointment Added sucessfully
